This is pdfTeX, Version 3.14159265-2.6-1.40.21 (TeX Live 2020/W32TeX) (preloaded format=pdflatex 2020.9.8)  20 NOV 2020 12:21
entering extended mode
 restricted \write18 enabled.
 %&-line parsing enabled.
**1main.tex
(./1main.tex
LaTeX2e <2020-02-02> patch level 5
L3 programming layer <2020-09-03>
(d:/texlive/2020/texmf-dist/tex/latex/base/article.cls
Document Class: article 2019/12/20 v1.4l Standard LaTeX document class
(d:/texlive/2020/texmf-dist/tex/latex/base/size11.clo
File: size11.clo 2019/12/20 v1.4l Standard LaTeX file (size option)
)
\c@part=\count168
\c@section=\count169
\c@subsection=\count170
\c@subsubsection=\count171
\c@paragraph=\count172
\c@subparagraph=\count173
\c@figure=\count174
\c@table=\count175
\abovecaptionskip=\skip47
\belowcaptionskip=\skip48
\bibindent=\dimen134
)
(d:/texlive/2020/texmf-dist/tex/latex/base/inputenc.sty
Package: inputenc 2018/08/11 v1.3c Input encoding file
\inpenc@prehook=\toks15
\inpenc@posthook=\toks16

(d:/texlive/2020/texmf-dist/tex/latex/ucs/utf8x.def
File: utf8x.def 2004/10/17 UCS: Input encoding UTF-8
))
(d:/texlive/2020/texmf-dist/tex/latex/ucs/ucs.sty
Package: ucs 2013/05/11 v2.2 UCS: Unicode input support

(d:/texlive/2020/texmf-dist/tex/latex/ucs/data/uni-global.def
File: uni-global.def 2013/05/13 UCS: Unicode global data
)
\uc@secondtry=\count176
\uc@combtoks=\toks17
\uc@combtoksb=\toks18
\uc@temptokena=\toks19
)
(d:/texlive/2020/texmf-dist/tex/latex/base/fontenc.sty
Package: fontenc 2020/02/11 v2.0o Standard LaTeX package

(d:/texlive/2020/texmf-dist/tex/latex/cyrillic/t2aenc.def
File: t2aenc.def 2005/09/27 v1.0i Cyrillic encoding definition file
)
LaTeX Font Info:    Trying to load font information for T2A+cmr on input line 1
12.

(d:/texlive/2020/texmf-dist/tex/latex/cyrillic/t2acmr.fd
File: t2acmr.fd 2001/08/11 v1.0a Computer Modern Cyrillic font definitions
))
(d:/texlive/2020/texmf-dist/tex/latex/fancybox/fancybox.sty
Package: fancybox 2010/05/15 1.4

Style option: `fancybox' v1.4 <2010/05/15> (tvz)
\@fancybox=\box45
\shadowsize=\dimen135
\@Sbox=\box46
\do@VerbBox=\toks20
\the@fancyput=\toks21
\this@fancyput=\toks22
\EndVerbatimTokens=\toks23
\Verbatim@Outfile=\write3
\Verbatim@Infile=\read2
) (d:/texlive/2020/texmf-dist/tex/latex/fancyhdr/fancyhdr.sty
Package: fancyhdr 2019/01/31 v3.10 Extensive control of page headers and footer
s
\f@nch@headwidth=\skip49
\f@nch@O@elh=\skip50
\f@nch@O@erh=\skip51
\f@nch@O@olh=\skip52
\f@nch@O@orh=\skip53
\f@nch@O@elf=\skip54
\f@nch@O@erf=\skip55
\f@nch@O@olf=\skip56
\f@nch@O@orf=\skip57
)
(d:/texlive/2020/texmf-dist/tex/latex/lastpage/lastpage.sty
Package: lastpage 2015/03/29 v1.2m Refers to last page's name (HMM; JPG)
)
(d:/texlive/2020/texmf-dist/tex/latex/setspace/setspace.sty
Package: setspace 2011/12/19 v6.7a set line spacing
)
(d:/texlive/2020/texmf-dist/tex/latex/colortbl/colortbl.sty
Package: colortbl 2020/01/04 v1.0e Color table columns (DPC)

(d:/texlive/2020/texmf-dist/tex/latex/tools/array.sty
Package: array 2019/08/31 v2.4l Tabular extension package (FMi)
\col@sep=\dimen136
\ar@mcellbox=\box47
\extrarowheight=\dimen137
\NC@list=\toks24
\extratabsurround=\skip58
\backup@length=\skip59
\ar@cellbox=\box48
)
(d:/texlive/2020/texmf-dist/tex/latex/graphics/color.sty
Package: color 2019/11/23 v1.2a Standard LaTeX Color (DPC)

(d:/texlive/2020/texmf-dist/tex/latex/graphics-cfg/color.cfg
File: color.cfg 2016/01/02 v1.6 sample color configuration
)
Package color Info: Driver file: pdftex.def on input line 147.

(d:/texlive/2020/texmf-dist/tex/latex/graphics-def/pdftex.def
File: pdftex.def 2020/08/26 v1.2 Graphics/color driver for pdftex
))
\everycr=\toks25
\minrowclearance=\skip60
)
(d:/texlive/2020/texmf-dist/tex/latex/t2/mathtext.sty
Package: mathtext 2018/04/14 v1.0 transparent text-and-math defs
LaTeX Info: Redefining \halign on input line 121.
)
(d:/texlive/2020/texmf-dist/tex/latex/caption/caption.sty
Package: caption 2020/09/02 v3.5a Customizing captions (AR)

(d:/texlive/2020/texmf-dist/tex/latex/caption/caption3.sty
Package: caption3 2020/08/30 v2.0 caption3 kernel (AR)

(d:/texlive/2020/texmf-dist/tex/latex/graphics/keyval.sty
Package: keyval 2014/10/28 v1.15 key=value parser (DPC)
\KV@toks@=\toks26
)
\captionmargin=\dimen138
\captionmargin@=\dimen139
\captionwidth=\dimen140
\caption@tempdima=\dimen141
\caption@indent=\dimen142
\caption@parindent=\dimen143
\caption@hangindent=\dimen144
Package caption Info: Standard document class detected.
)
\c@caption@flags=\count177
\c@continuedfloat=\count178
)
(d:/texlive/2020/texmf-dist/tex/latex/xcolor/xcolor.sty
Package: xcolor 2016/05/11 v2.12 LaTeX color extensions (UK)

(d:/texlive/2020/texmf-dist/tex/latex/graphics-cfg/color.cfg
File: color.cfg 2016/01/02 v1.6 sample color configuration
)
Package xcolor Info: Driver file: pdftex.def on input line 225.
LaTeX Info: Redefining \color on input line 709.
Package xcolor Info: Model `cmy' substituted by `cmy0' on input line 1348.
Package xcolor Info: Model `hsb' substituted by `rgb' on input line 1352.
Package xcolor Info: Model `RGB' extended on input line 1364.
Package xcolor Info: Model `HTML' substituted by `rgb' on input line 1366.
Package xcolor Info: Model `Hsb' substituted by `hsb' on input line 1367.
Package xcolor Info: Model `tHsb' substituted by `hsb' on input line 1368.
Package xcolor Info: Model `HSB' substituted by `hsb' on input line 1369.
Package xcolor Info: Model `Gray' substituted by `gray' on input line 1370.
Package xcolor Info: Model `wave' substituted by `hsb' on input line 1371.
)
(d:/texlive/2020/texmf-dist/tex/latex/hyperref/hyperref.sty
Package: hyperref 2020-05-15 v7.00e Hypertext links for LaTeX

(d:/texlive/2020/texmf-dist/tex/generic/ltxcmds/ltxcmds.sty
Package: ltxcmds 2019/12/15 v1.24 LaTeX kernel commands for general use (HO)
)
(d:/texlive/2020/texmf-dist/tex/generic/iftex/iftex.sty
Package: iftex 2020/03/06 v1.0d TeX engine tests
)
(d:/texlive/2020/texmf-dist/tex/generic/pdftexcmds/pdftexcmds.sty
Package: pdftexcmds 2020-06-27 v0.33 Utility functions of pdfTeX for LuaTeX (HO
)

(d:/texlive/2020/texmf-dist/tex/generic/infwarerr/infwarerr.sty
Package: infwarerr 2019/12/03 v1.5 Providing info/warning/error messages (HO)
)
Package pdftexcmds Info: \pdf@primitive is available.
Package pdftexcmds Info: \pdf@ifprimitive is available.
Package pdftexcmds Info: \pdfdraftmode found.
)
(d:/texlive/2020/texmf-dist/tex/generic/kvsetkeys/kvsetkeys.sty
Package: kvsetkeys 2019/12/15 v1.18 Key value parser (HO)
)
(d:/texlive/2020/texmf-dist/tex/generic/kvdefinekeys/kvdefinekeys.sty
Package: kvdefinekeys 2019-12-19 v1.6 Define keys (HO)
)
(d:/texlive/2020/texmf-dist/tex/generic/pdfescape/pdfescape.sty
Package: pdfescape 2019/12/09 v1.15 Implements pdfTeX's escape features (HO)
)
(d:/texlive/2020/texmf-dist/tex/latex/hycolor/hycolor.sty
Package: hycolor 2020-01-27 v1.10 Color options for hyperref/bookmark (HO)
)
(d:/texlive/2020/texmf-dist/tex/latex/letltxmacro/letltxmacro.sty
Package: letltxmacro 2019/12/03 v1.6 Let assignment for LaTeX macros (HO)
)
(d:/texlive/2020/texmf-dist/tex/latex/auxhook/auxhook.sty
Package: auxhook 2019-12-17 v1.6 Hooks for auxiliary files (HO)
)
(d:/texlive/2020/texmf-dist/tex/latex/kvoptions/kvoptions.sty
Package: kvoptions 2019/11/29 v3.13 Key value format for package options (HO)
)
\@linkdim=\dimen145
\Hy@linkcounter=\count179
\Hy@pagecounter=\count180

(d:/texlive/2020/texmf-dist/tex/latex/hyperref/pd1enc.def
File: pd1enc.def 2020-05-15 v7.00e Hyperref: PDFDocEncoding definition (HO)
Now handling font encoding PD1 ...
... no UTF-8 mapping file for font encoding PD1
\symPD1letters=\mathgroup4
)
(d:/texlive/2020/texmf-dist/tex/generic/intcalc/intcalc.sty
Package: intcalc 2019/12/15 v1.3 Expandable calculations with integers (HO)
)
(d:/texlive/2020/texmf-dist/tex/generic/etexcmds/etexcmds.sty
Package: etexcmds 2019/12/15 v1.7 Avoid name clashes with e-TeX commands (HO)
)
\Hy@SavedSpaceFactor=\count181
Package hyperref Info: Hyper figures OFF on input line 4464.
Package hyperref Info: Link nesting OFF on input line 4469.
Package hyperref Info: Hyper index ON on input line 4472.
Package hyperref Info: Plain pages OFF on input line 4479.
Package hyperref Info: Backreferencing OFF on input line 4484.
Package hyperref Info: Implicit mode ON; LaTeX internals redefined.
Package hyperref Info: Bookmarks ON on input line 4717.
\c@Hy@tempcnt=\count182

(d:/texlive/2020/texmf-dist/tex/latex/url/url.sty
\Urlmuskip=\muskip16
Package: url 2013/09/16  ver 3.4  Verb mode for urls, etc.
)
LaTeX Info: Redefining \url on input line 5076.
\XeTeXLinkMargin=\dimen146

(d:/texlive/2020/texmf-dist/tex/generic/bitset/bitset.sty
Package: bitset 2019/12/09 v1.3 Handle bit-vector datatype (HO)

(d:/texlive/2020/texmf-dist/tex/generic/bigintcalc/bigintcalc.sty
Package: bigintcalc 2019/12/15 v1.5 Expandable calculations on big integers (HO
)
))
\Fld@menulength=\count183
\Field@Width=\dimen147
\Fld@charsize=\dimen148
Package hyperref Info: Hyper figures OFF on input line 6347.
Package hyperref Info: Link nesting OFF on input line 6352.
Package hyperref Info: Hyper index ON on input line 6355.
Package hyperref Info: backreferencing OFF on input line 6362.
Package hyperref Info: Link coloring OFF on input line 6367.
Package hyperref Info: Link coloring with OCG OFF on input line 6372.
Package hyperref Info: PDF/A mode OFF on input line 6377.
LaTeX Info: Redefining \ref on input line 6417.
LaTeX Info: Redefining \pageref on input line 6421.

(d:/texlive/2020/texmf-dist/tex/generic/atbegshi/atbegshi.sty
Package: atbegshi 2019/12/05 v1.19 At begin shipout hook (HO)
)
\Hy@abspage=\count184
\c@Item=\count185
\c@Hfootnote=\count186
)
Package hyperref Info: Driver (autodetected): hpdftex.

(d:/texlive/2020/texmf-dist/tex/latex/hyperref/hpdftex.def
File: hpdftex.def 2020-05-15 v7.00e Hyperref driver for pdfTeX

(d:/texlive/2020/texmf-dist/tex/latex/atveryend/atveryend.sty
Package: atveryend 2019-12-11 v1.11 Hooks at the very end of document (HO)
Package atveryend Info: \enddocument detected (standard20110627).
)
\Fld@listcount=\count187
\c@bookmark@seq@number=\count188

(d:/texlive/2020/texmf-dist/tex/latex/rerunfilecheck/rerunfilecheck.sty
Package: rerunfilecheck 2019/12/05 v1.9 Rerun checks for auxiliary files (HO)

(d:/texlive/2020/texmf-dist/tex/generic/uniquecounter/uniquecounter.sty
Package: uniquecounter 2019/12/15 v1.4 Provide unlimited unique counter (HO)
)
Package uniquecounter Info: New unique counter `rerunfilecheck' on input line 2
86.
)
\Hy@SectionHShift=\skip61
)
(d:/texlive/2020/texmf-dist/tex/latex/graphics/graphicx.sty
Package: graphicx 2019/11/30 v1.2a Enhanced LaTeX Graphics (DPC,SPQR)

(d:/texlive/2020/texmf-dist/tex/latex/graphics/graphics.sty
Package: graphics 2019/11/30 v1.4a Standard LaTeX Graphics (DPC,SPQR)

(d:/texlive/2020/texmf-dist/tex/latex/graphics/trig.sty
Package: trig 2016/01/03 v1.10 sin cos tan (DPC)
)
(d:/texlive/2020/texmf-dist/tex/latex/graphics-cfg/graphics.cfg
File: graphics.cfg 2016/06/04 v1.11 sample graphics configuration
)
Package graphics Info: Driver file: pdftex.def on input line 105.
)
\Gin@req@height=\dimen149
\Gin@req@width=\dimen150
)
(d:/texlive/2020/texmf-dist/tex/latex/amsmath/amsmath.sty
Package: amsmath 2020/01/20 v2.17e AMS math features
\@mathmargin=\skip62

For additional information on amsmath, use the `?' option.
(d:/texlive/2020/texmf-dist/tex/latex/amsmath/amstext.sty
Package: amstext 2000/06/29 v2.01 AMS text

(d:/texlive/2020/texmf-dist/tex/latex/amsmath/amsgen.sty
File: amsgen.sty 1999/11/30 v2.0 generic functions
\@emptytoks=\toks27
\ex@=\dimen151
))
(d:/texlive/2020/texmf-dist/tex/latex/amsmath/amsbsy.sty
Package: amsbsy 1999/11/29 v1.2d Bold Symbols
\pmbraise@=\dimen152
)
(d:/texlive/2020/texmf-dist/tex/latex/amsmath/amsopn.sty
Package: amsopn 2016/03/08 v2.02 operator names
)
\inf@bad=\count189
LaTeX Info: Redefining \frac on input line 227.
\uproot@=\count190
\leftroot@=\count191
LaTeX Info: Redefining \overline on input line 389.
\classnum@=\count192
\DOTSCASE@=\count193
LaTeX Info: Redefining \ldots on input line 486.
LaTeX Info: Redefining \dots on input line 489.
LaTeX Info: Redefining \cdots on input line 610.
\Mathstrutbox@=\box49
\strutbox@=\box50
\big@size=\dimen153
LaTeX Font Info:    Redeclaring font encoding OML on input line 733.
\symOMLletters=\mathgroup5
LaTeX Font Info:    Redeclaring font encoding OMS on input line 734.
\symOMSletters=\mathgroup6
\macc@depth=\count194
\c@MaxMatrixCols=\count195
\dotsspace@=\muskip17
\c@parentequation=\count196
\dspbrk@lvl=\count197
\tag@help=\toks28
\row@=\count198
\column@=\count199
\maxfields@=\count266
\andhelp@=\toks29
\eqnshift@=\dimen154
\alignsep@=\dimen155
\tagshift@=\dimen156
\tagwidth@=\dimen157
\totwidth@=\dimen158
\lineht@=\dimen159
\@envbody=\toks30
\multlinegap=\skip63
\multlinetaggap=\skip64
\mathdisplay@stack=\toks31
LaTeX Info: Redefining \[ on input line 2859.
LaTeX Info: Redefining \] on input line 2860.
)
(d:/texlive/2020/texmf-dist/tex/latex/enumitem/enumitem.sty
Package: enumitem 2019/06/20 v3.9 Customized lists
\labelindent=\skip65
\enit@outerparindent=\dimen160
\enit@toks=\toks32
\enit@inbox=\box51
\enit@count@id=\count267
\enitdp@description=\count268
)
(d:/texlive/2020/texmf-dist/tex/latex/base/ifthen.sty
Package: ifthen 2014/09/29 v1.1c Standard LaTeX ifthen package (DPC)
)
(d:/texlive/2020/texmf-dist/tex/latex/pdfpages/pdfpages.sty
Package: pdfpages 2020/01/28 v0.5q Insert pages of external PDF documents (AM)

(d:/texlive/2020/texmf-dist/tex/latex/tools/calc.sty
Package: calc 2017/05/25 v4.3 Infix arithmetic (KKT,FJ)
\calc@Acount=\count269
\calc@Bcount=\count270
\calc@Adimen=\dimen161
\calc@Bdimen=\dimen162
\calc@Askip=\skip66
\calc@Bskip=\skip67
LaTeX Info: Redefining \setlength on input line 80.
LaTeX Info: Redefining \addtolength on input line 81.
\calc@Ccount=\count271
\calc@Cskip=\skip68
)
(d:/texlive/2020/texmf-dist/tex/latex/eso-pic/eso-pic.sty
Package: eso-pic 2018/04/12 v2.0h eso-pic (RN)
)
\AM@pagewidth=\dimen163
\AM@pageheight=\dimen164

(d:/texlive/2020/texmf-dist/tex/latex/pdfpages/pppdftex.def
File: pppdftex.def 2020/01/28 v0.5q Pdfpages driver for pdfTeX (AM)
)
\AM@pagebox=\box52
\AM@global@opts=\toks33
\AM@pagecnt=\count272
\AM@toc@title=\toks34
\c@AM@survey=\count273
\AM@templatesizebox=\box53
)
(d:/texlive/2020/texmf-dist/tex/latex/changepage/changepage.sty
Package: changepage 2009/10/20 v1.0c check page and change page layout
\c@cp@cntr=\count274
\cp@tempcnt=\count275
)
(d:/texlive/2020/texmf-dist/tex/latex/pgf/frontendlayer/tikz.sty
(d:/texlive/2020/texmf-dist/tex/latex/pgf/basiclayer/pgf.sty
(d:/texlive/2020/texmf-dist/tex/latex/pgf/utilities/pgfrcs.sty
(d:/texlive/2020/texmf-dist/tex/generic/pgf/utilities/pgfutil-common.tex
\pgfutil@everybye=\toks35
\pgfutil@tempdima=\dimen165
\pgfutil@tempdimb=\dimen166

(d:/texlive/2020/texmf-dist/tex/generic/pgf/utilities/pgfutil-common-lists.tex)
) (d:/texlive/2020/texmf-dist/tex/generic/pgf/utilities/pgfutil-latex.def
\pgfutil@abb=\box54

(d:/texlive/2020/texmf-dist/tex/latex/ms/everyshi.sty
Package: everyshi 2001/05/15 v3.00 EveryShipout Package (MS)
))
(d:/texlive/2020/texmf-dist/tex/generic/pgf/utilities/pgfrcs.code.tex
(d:/texlive/2020/texmf-dist/tex/generic/pgf/pgf.revision.tex)
Package: pgfrcs 2020/01/08 v3.1.5b (3.1.5b)
))
Package: pgf 2020/01/08 v3.1.5b (3.1.5b)

(d:/texlive/2020/texmf-dist/tex/latex/pgf/basiclayer/pgfcore.sty
(d:/texlive/2020/texmf-dist/tex/latex/pgf/systemlayer/pgfsys.sty
(d:/texlive/2020/texmf-dist/tex/generic/pgf/systemlayer/pgfsys.code.tex
Package: pgfsys 2020/01/08 v3.1.5b (3.1.5b)

(d:/texlive/2020/texmf-dist/tex/generic/pgf/utilities/pgfkeys.code.tex
\pgfkeys@pathtoks=\toks36
\pgfkeys@temptoks=\toks37

(d:/texlive/2020/texmf-dist/tex/generic/pgf/utilities/pgfkeysfiltered.code.tex
\pgfkeys@tmptoks=\toks38
))
\pgf@x=\dimen167
\pgf@y=\dimen168
\pgf@xa=\dimen169
\pgf@ya=\dimen170
\pgf@xb=\dimen171
\pgf@yb=\dimen172
\pgf@xc=\dimen173
\pgf@yc=\dimen174
\pgf@xd=\dimen175
\pgf@yd=\dimen176
\w@pgf@writea=\write4
\r@pgf@reada=\read3
\c@pgf@counta=\count276
\c@pgf@countb=\count277
\c@pgf@countc=\count278
\c@pgf@countd=\count279
\t@pgf@toka=\toks39
\t@pgf@tokb=\toks40
\t@pgf@tokc=\toks41
\pgf@sys@id@count=\count280
 (d:/texlive/2020/texmf-dist/tex/generic/pgf/systemlayer/pgf.cfg
File: pgf.cfg 2020/01/08 v3.1.5b (3.1.5b)
)
Driver file for pgf: pgfsys-pdftex.def

(d:/texlive/2020/texmf-dist/tex/generic/pgf/systemlayer/pgfsys-pdftex.def
File: pgfsys-pdftex.def 2020/01/08 v3.1.5b (3.1.5b)

(d:/texlive/2020/texmf-dist/tex/generic/pgf/systemlayer/pgfsys-common-pdf.def
File: pgfsys-common-pdf.def 2020/01/08 v3.1.5b (3.1.5b)
)))
(d:/texlive/2020/texmf-dist/tex/generic/pgf/systemlayer/pgfsyssoftpath.code.tex
File: pgfsyssoftpath.code.tex 2020/01/08 v3.1.5b (3.1.5b)
\pgfsyssoftpath@smallbuffer@items=\count281
\pgfsyssoftpath@bigbuffer@items=\count282
)
(d:/texlive/2020/texmf-dist/tex/generic/pgf/systemlayer/pgfsysprotocol.code.tex
File: pgfsysprotocol.code.tex 2020/01/08 v3.1.5b (3.1.5b)
)) (d:/texlive/2020/texmf-dist/tex/generic/pgf/basiclayer/pgfcore.code.tex
Package: pgfcore 2020/01/08 v3.1.5b (3.1.5b)

(d:/texlive/2020/texmf-dist/tex/generic/pgf/math/pgfmath.code.tex
(d:/texlive/2020/texmf-dist/tex/generic/pgf/math/pgfmathcalc.code.tex
(d:/texlive/2020/texmf-dist/tex/generic/pgf/math/pgfmathutil.code.tex)
(d:/texlive/2020/texmf-dist/tex/generic/pgf/math/pgfmathparser.code.tex
\pgfmath@dimen=\dimen177
\pgfmath@count=\count283
\pgfmath@box=\box55
\pgfmath@toks=\toks42
\pgfmath@stack@operand=\toks43
\pgfmath@stack@operation=\toks44
)
(d:/texlive/2020/texmf-dist/tex/generic/pgf/math/pgfmathfunctions.code.tex
(d:/texlive/2020/texmf-dist/tex/generic/pgf/math/pgfmathfunctions.basic.code.te
x)
(d:/texlive/2020/texmf-dist/tex/generic/pgf/math/pgfmathfunctions.trigonometric
.code.tex)
(d:/texlive/2020/texmf-dist/tex/generic/pgf/math/pgfmathfunctions.random.code.t
ex)
(d:/texlive/2020/texmf-dist/tex/generic/pgf/math/pgfmathfunctions.comparison.co
de.tex)
(d:/texlive/2020/texmf-dist/tex/generic/pgf/math/pgfmathfunctions.base.code.tex
)
(d:/texlive/2020/texmf-dist/tex/generic/pgf/math/pgfmathfunctions.round.code.te
x)
(d:/texlive/2020/texmf-dist/tex/generic/pgf/math/pgfmathfunctions.misc.code.tex
)
(d:/texlive/2020/texmf-dist/tex/generic/pgf/math/pgfmathfunctions.integerarithm
etics.code.tex)))
(d:/texlive/2020/texmf-dist/tex/generic/pgf/math/pgfmathfloat.code.tex
\c@pgfmathroundto@lastzeros=\count284
))
(d:/texlive/2020/texmf-dist/tex/generic/pgf/math/pgfint.code.tex)
(d:/texlive/2020/texmf-dist/tex/generic/pgf/basiclayer/pgfcorepoints.code.tex
File: pgfcorepoints.code.tex 2020/01/08 v3.1.5b (3.1.5b)
\pgf@picminx=\dimen178
\pgf@picmaxx=\dimen179
\pgf@picminy=\dimen180
\pgf@picmaxy=\dimen181
\pgf@pathminx=\dimen182
\pgf@pathmaxx=\dimen183
\pgf@pathminy=\dimen184
\pgf@pathmaxy=\dimen185
\pgf@xx=\dimen186
\pgf@xy=\dimen187
\pgf@yx=\dimen188
\pgf@yy=\dimen189
\pgf@zx=\dimen190
\pgf@zy=\dimen191
)
(d:/texlive/2020/texmf-dist/tex/generic/pgf/basiclayer/pgfcorepathconstruct.cod
e.tex
File: pgfcorepathconstruct.code.tex 2020/01/08 v3.1.5b (3.1.5b)
\pgf@path@lastx=\dimen192
\pgf@path@lasty=\dimen193
)
(d:/texlive/2020/texmf-dist/tex/generic/pgf/basiclayer/pgfcorepathusage.code.te
x
File: pgfcorepathusage.code.tex 2020/01/08 v3.1.5b (3.1.5b)
\pgf@shorten@end@additional=\dimen194
\pgf@shorten@start@additional=\dimen195
)
(d:/texlive/2020/texmf-dist/tex/generic/pgf/basiclayer/pgfcorescopes.code.tex
File: pgfcorescopes.code.tex 2020/01/08 v3.1.5b (3.1.5b)
\pgfpic=\box56
\pgf@hbox=\box57
\pgf@layerbox@main=\box58
\pgf@picture@serial@count=\count285
)
(d:/texlive/2020/texmf-dist/tex/generic/pgf/basiclayer/pgfcoregraphicstate.code
.tex
File: pgfcoregraphicstate.code.tex 2020/01/08 v3.1.5b (3.1.5b)
\pgflinewidth=\dimen196
)
(d:/texlive/2020/texmf-dist/tex/generic/pgf/basiclayer/pgfcoretransformations.c
ode.tex
File: pgfcoretransformations.code.tex 2020/01/08 v3.1.5b (3.1.5b)
\pgf@pt@x=\dimen197
\pgf@pt@y=\dimen198
\pgf@pt@temp=\dimen199
)
(d:/texlive/2020/texmf-dist/tex/generic/pgf/basiclayer/pgfcorequick.code.tex
File: pgfcorequick.code.tex 2020/01/08 v3.1.5b (3.1.5b)
)
(d:/texlive/2020/texmf-dist/tex/generic/pgf/basiclayer/pgfcoreobjects.code.tex
File: pgfcoreobjects.code.tex 2020/01/08 v3.1.5b (3.1.5b)
)
(d:/texlive/2020/texmf-dist/tex/generic/pgf/basiclayer/pgfcorepathprocessing.co
de.tex
File: pgfcorepathprocessing.code.tex 2020/01/08 v3.1.5b (3.1.5b)
)
(d:/texlive/2020/texmf-dist/tex/generic/pgf/basiclayer/pgfcorearrows.code.tex
File: pgfcorearrows.code.tex 2020/01/08 v3.1.5b (3.1.5b)
\pgfarrowsep=\dimen256
)
(d:/texlive/2020/texmf-dist/tex/generic/pgf/basiclayer/pgfcoreshade.code.tex
File: pgfcoreshade.code.tex 2020/01/08 v3.1.5b (3.1.5b)
\pgf@max=\dimen257
\pgf@sys@shading@range@num=\count286
\pgf@shadingcount=\count287
)
(d:/texlive/2020/texmf-dist/tex/generic/pgf/basiclayer/pgfcoreimage.code.tex
File: pgfcoreimage.code.tex 2020/01/08 v3.1.5b (3.1.5b)

(d:/texlive/2020/texmf-dist/tex/generic/pgf/basiclayer/pgfcoreexternal.code.tex
File: pgfcoreexternal.code.tex 2020/01/08 v3.1.5b (3.1.5b)
\pgfexternal@startupbox=\box59
))
(d:/texlive/2020/texmf-dist/tex/generic/pgf/basiclayer/pgfcorelayers.code.tex
File: pgfcorelayers.code.tex 2020/01/08 v3.1.5b (3.1.5b)
)
(d:/texlive/2020/texmf-dist/tex/generic/pgf/basiclayer/pgfcoretransparency.code
.tex
File: pgfcoretransparency.code.tex 2020/01/08 v3.1.5b (3.1.5b)
)
(d:/texlive/2020/texmf-dist/tex/generic/pgf/basiclayer/pgfcorepatterns.code.tex
File: pgfcorepatterns.code.tex 2020/01/08 v3.1.5b (3.1.5b)
) (d:/texlive/2020/texmf-dist/tex/generic/pgf/basiclayer/pgfcorerdf.code.tex
File: pgfcorerdf.code.tex 2020/01/08 v3.1.5b (3.1.5b)
))) (d:/texlive/2020/texmf-dist/tex/generic/pgf/modules/pgfmoduleshapes.code.te
x
File: pgfmoduleshapes.code.tex 2020/01/08 v3.1.5b (3.1.5b)
\pgfnodeparttextbox=\box60
)
(d:/texlive/2020/texmf-dist/tex/generic/pgf/modules/pgfmoduleplot.code.tex
File: pgfmoduleplot.code.tex 2020/01/08 v3.1.5b (3.1.5b)
)
(d:/texlive/2020/texmf-dist/tex/latex/pgf/compatibility/pgfcomp-version-0-65.st
y
Package: pgfcomp-version-0-65 2020/01/08 v3.1.5b (3.1.5b)
\pgf@nodesepstart=\dimen258
\pgf@nodesepend=\dimen259
)
(d:/texlive/2020/texmf-dist/tex/latex/pgf/compatibility/pgfcomp-version-1-18.st
y
Package: pgfcomp-version-1-18 2020/01/08 v3.1.5b (3.1.5b)
)) (d:/texlive/2020/texmf-dist/tex/latex/pgf/utilities/pgffor.sty
(d:/texlive/2020/texmf-dist/tex/latex/pgf/utilities/pgfkeys.sty
(d:/texlive/2020/texmf-dist/tex/generic/pgf/utilities/pgfkeys.code.tex))
(d:/texlive/2020/texmf-dist/tex/latex/pgf/math/pgfmath.sty
(d:/texlive/2020/texmf-dist/tex/generic/pgf/math/pgfmath.code.tex))
(d:/texlive/2020/texmf-dist/tex/generic/pgf/utilities/pgffor.code.tex
Package: pgffor 2020/01/08 v3.1.5b (3.1.5b)

(d:/texlive/2020/texmf-dist/tex/generic/pgf/math/pgfmath.code.tex)
\pgffor@iter=\dimen260
\pgffor@skip=\dimen261
\pgffor@stack=\toks45
\pgffor@toks=\toks46
))
(d:/texlive/2020/texmf-dist/tex/generic/pgf/frontendlayer/tikz/tikz.code.tex
Package: tikz 2020/01/08 v3.1.5b (3.1.5b)

(d:/texlive/2020/texmf-dist/tex/generic/pgf/libraries/pgflibraryplothandlers.co
de.tex
File: pgflibraryplothandlers.code.tex 2020/01/08 v3.1.5b (3.1.5b)
\pgf@plot@mark@count=\count288
\pgfplotmarksize=\dimen262
)
\tikz@lastx=\dimen263
\tikz@lasty=\dimen264
\tikz@lastxsaved=\dimen265
\tikz@lastysaved=\dimen266
\tikz@lastmovetox=\dimen267
\tikz@lastmovetoy=\dimen268
\tikzleveldistance=\dimen269
\tikzsiblingdistance=\dimen270
\tikz@figbox=\box61
\tikz@figbox@bg=\box62
\tikz@tempbox=\box63
\tikz@tempbox@bg=\box64
\tikztreelevel=\count289
\tikznumberofchildren=\count290
\tikznumberofcurrentchild=\count291
\tikz@fig@count=\count292

(d:/texlive/2020/texmf-dist/tex/generic/pgf/modules/pgfmodulematrix.code.tex
File: pgfmodulematrix.code.tex 2020/01/08 v3.1.5b (3.1.5b)
\pgfmatrixcurrentrow=\count293
\pgfmatrixcurrentcolumn=\count294
\pgf@matrix@numberofcolumns=\count295
)
\tikz@expandcount=\count296

(d:/texlive/2020/texmf-dist/tex/generic/pgf/frontendlayer/tikz/libraries/tikzli
brarytopaths.code.tex
File: tikzlibrarytopaths.code.tex 2020/01/08 v3.1.5b (3.1.5b)
)))
(d:/texlive/2020/texmf-dist/tex/generic/pgf/frontendlayer/tikz/libraries/tikzli
brarycalc.code.tex
File: tikzlibrarycalc.code.tex 2020/01/08 v3.1.5b (3.1.5b)
)
(d:/texlive/2020/texmf-dist/tex/generic/pgf/frontendlayer/tikz/libraries/tikzli
brarydecorations.pathmorphing.code.tex
(d:/texlive/2020/texmf-dist/tex/generic/pgf/frontendlayer/tikz/libraries/tikzli
brarydecorations.code.tex
(d:/texlive/2020/texmf-dist/tex/generic/pgf/modules/pgfmoduledecorations.code.t
ex
\pgfdecoratedcompleteddistance=\dimen271
\pgfdecoratedremainingdistance=\dimen272
\pgfdecoratedinputsegmentcompleteddistance=\dimen273
\pgfdecoratedinputsegmentremainingdistance=\dimen274
\pgf@decorate@distancetomove=\dimen275
\pgf@decorate@repeatstate=\count297
\pgfdecorationsegmentamplitude=\dimen276
\pgfdecorationsegmentlength=\dimen277
)
\tikz@lib@dec@box=\box65
)
(d:/texlive/2020/texmf-dist/tex/generic/pgf/libraries/decorations/pgflibrarydec
orations.pathmorphing.code.tex))
(d:/texlive/2020/texmf-dist/tex/latex/geometry/geometry.sty
Package: geometry 2020/01/02 v5.9 Page Geometry

(d:/texlive/2020/texmf-dist/tex/generic/iftex/ifvtex.sty
Package: ifvtex 2019/10/25 v1.7 ifvtex legacy package. Use iftex instead.
)
\Gm@cnth=\count298
\Gm@cntv=\count299
\c@Gm@tempcnt=\count300
\Gm@bindingoffset=\dimen278
\Gm@wd@mp=\dimen279
\Gm@odd@mp=\dimen280
\Gm@even@mp=\dimen281
\Gm@layoutwidth=\dimen282
\Gm@layoutheight=\dimen283
\Gm@layouthoffset=\dimen284
\Gm@layoutvoffset=\dimen285
\Gm@dimlist=\toks47
)
(d:/texlive/2020/texmf-dist/tex/latex/l3backend/l3backend-pdftex.def
File: l3backend-pdftex.def 2020-09-01 L3 backend support: PDF output (pdfTeX)
\l__kernel_color_stack_int=\count301
\l__pdf_internal_box=\box66
)
No file 1main.aux.
\openout1 = `1main.aux'.

LaTeX Font Info:    Checking defaults for OML/cmm/m/it on input line 73.
LaTeX Font Info:    ... okay on input line 73.
LaTeX Font Info:    Checking defaults for OMS/cmsy/m/n on input line 73.
LaTeX Font Info:    ... okay on input line 73.
LaTeX Font Info:    Checking defaults for OT1/cmr/m/n on input line 73.
LaTeX Font Info:    ... okay on input line 73.
LaTeX Font Info:    Checking defaults for T1/cmr/m/n on input line 73.
LaTeX Font Info:    ... okay on input line 73.
LaTeX Font Info:    Checking defaults for TS1/cmr/m/n on input line 73.
LaTeX Font Info:    ... okay on input line 73.
LaTeX Font Info:    Checking defaults for OMX/cmex/m/n on input line 73.
LaTeX Font Info:    ... okay on input line 73.
LaTeX Font Info:    Checking defaults for U/cmr/m/n on input line 73.
LaTeX Font Info:    ... okay on input line 73.
LaTeX Font Info:    Checking defaults for T2A/cmr/m/n on input line 73.
LaTeX Font Info:    ... okay on input line 73.
LaTeX Font Info:    Checking defaults for PD1/pdf/m/n on input line 73.
LaTeX Font Info:    ... okay on input line 73.
(d:/texlive/2020/texmf-dist/tex/latex/ucs/ucsencs.def
File: ucsencs.def 2011/01/21 Fixes to fontencodings LGR, T3
)
Package lastpage Info: Please have a look at the pageslts package at
(lastpage)             https://www.ctan.org/pkg/pageslts
(lastpage)             ! on input line 73.

(d:/texlive/2020/texmf-dist/tex/context/base/mkii/supp-pdf.mkii
[Loading MPS to PDF converter (version 2006.09.02).]
\scratchcounter=\count302
\scratchdimen=\dimen286
\scratchbox=\box67
\nofMPsegments=\count303
\nofMParguments=\count304
\everyMPshowfont=\toks48
\MPscratchCnt=\count305
\MPscratchDim=\dimen287
\MPnumerator=\count306
\makeMPintoPDFobject=\count307
\everyMPtoPDFconversion=\toks49
) (d:/texlive/2020/texmf-dist/tex/latex/epstopdf-pkg/epstopdf-base.sty
Package: epstopdf-base 2020-01-24 v2.11 Base part for package epstopdf
Package epstopdf-base Info: Redefining graphics rule for `.eps' on input line 4
85.

(d:/texlive/2020/texmf-dist/tex/latex/latexconfig/epstopdf-sys.cfg
File: epstopdf-sys.cfg 2010/07/13 v1.3 Configuration of (r)epstopdf for TeX Liv
e
))
Package caption Info: Begin \AtBeginDocument code.
Package caption Info: changepage package is loaded.
\caption@adjustwidth@hsize=\dimen288
\caption@adjustwidth@linewidth=\dimen289
Package caption Info: hyperref package is loaded.
Package caption Info: End \AtBeginDocument code.
\AtBeginShipoutBox=\box68
Package hyperref Info: Link coloring OFF on input line 73.

(d:/texlive/2020/texmf-dist/tex/latex/hyperref/nameref.sty
Package: nameref 2019/09/16 v2.46 Cross-referencing by name of section

(d:/texlive/2020/texmf-dist/tex/latex/refcount/refcount.sty
Package: refcount 2019/12/15 v3.6 Data extraction from label references (HO)
)
(d:/texlive/2020/texmf-dist/tex/generic/gettitlestring/gettitlestring.sty
Package: gettitlestring 2019/12/15 v1.6 Cleanup title references (HO)
)
\c@section@level=\count308
)
LaTeX Info: Redefining \ref on input line 73.
LaTeX Info: Redefining \pageref on input line 73.
LaTeX Info: Redefining \nameref on input line 73.
\@outlinefile=\write5
\openout5 = `1main.out'.


(d:/texlive/2020/texmf-dist/tex/latex/pdflscape/pdflscape.sty
Package: pdflscape 2019/12/05 v0.12 Display of landscape pages in PDF (HO)

(d:/texlive/2020/texmf-dist/tex/latex/graphics/lscape.sty
Package: lscape 2000/10/22 v3.01 Landscape Pages (DPC)
)
Package pdflscape Info: Auto-detected driver: pdftex on input line 81.
)
ABD: EveryShipout initializing macros
*geometry* driver: auto-detecting
*geometry* detected driver: pdftex
*geometry* verbose mode - [ preamble ] result:
* driver: pdftex
* paper: a4paper
* layout: <same size as paper>
* layoutoffset:(h,v)=(0.0pt,0.0pt)
* modes: 
* h-part:(L,W,R)=(34.1433pt, 529.22128pt, 34.1433pt)
* v-part:(T,H,B)=(34.1433pt, 731.23584pt, 79.66771pt)
* \paperwidth=597.50787pt
* \paperheight=845.04684pt
* \textwidth=529.22128pt
* \textheight=731.23584pt
* \oddsidemargin=-38.1267pt
* \evensidemargin=-38.1267pt
* \topmargin=-38.1267pt
* \headheight=0.0pt
* \headsep=0.0pt
* \topskip=11.0pt
* \footskip=28.45274pt
* \marginparwidth=50.0pt
* \marginparsep=10.0pt
* \columnsep=10.0pt
* \skip\footins=10.0pt plus 4.0pt minus 2.0pt
* \hoffset=0.0pt
* \voffset=0.0pt
* \mag=1000
* \@twocolumnfalse
* \@twosidefalse
* \@mparswitchfalse
* \@reversemarginfalse
* (1in=72.27pt=25.4mm, 1cm=28.453pt)

\openout2 = `2_0title.aux'.

(./2_0title.tex
! Undefined control sequence.
l.1 {\white
           {.}} \\[0.2cm]
The control sequence at the end of the top line
of your error message was never \def'ed. If you have
misspelled it (e.g., `\hobx'), type `I' and the correct
spelling (e.g., `I\hbox'). Otherwise just continue,
and I'll forget about whatever was undefined.


Underfull \hbox (badness 10000) in paragraph at lines 1--2
 
 []

! Undefined control sequence.
l.3 \Title
          {\bf{\huge
The control sequence at the end of the top line
of your error message was never \def'ed. If you have
misspelled it (e.g., `\hobx'), type `I' and the correct
spelling (e.g., `I\hbox'). Otherwise just continue,
and I'll forget about whatever was undefined.

(d:/texlive/2020/texmf-dist/tex/latex/ucs/data/uni-4.def
File: uni-4.def 2013/05/13 UCS: Unicode data U+0400..U+04FF
)

! LaTeX Error: There's no line here to end.

See the LaTeX manual or LaTeX Companion for explanation.
Type  H <return>  for immediate help.
 ...                                              
                                                  
l.6 \end{center}}} \\[0.4 cm]
                             
Your command was ignored.
Type  I <command> <return>  to replace it with another command,
or  <return>  to continue without it.


! LaTeX Error: There's no line here to end.

See the LaTeX manual or LaTeX Companion for explanation.
Type  H <return>  for immediate help.
 ...                                              
                                                  
l.11 \end{center}}} \\[0.1cm]
                             
Your command was ignored.
Type  I <command> <return>  to replace it with another command,
or  <return>  to continue without it.


Underfull \hbox (badness 10000) in paragraph at lines 15--16
 
 []


Underfull \hbox (badness 10000) in paragraph at lines 17--18
 
 []

[1


{d:/texlive/2020/texmf-var/fonts/map/pdftex/updmap/pdftex.map}])
(./2_1Scheme.tex
<picks/scheme_1.png, id=17, 714.41907pt x 682.80093pt>
File: picks/scheme_1.png Graphic file (type png)
<use picks/scheme_1.png>
Package pdftex.def Info: picks/scheme_1.png  used on input line 6.
(pdftex.def)             Requested size: 428.65475pt x 409.68372pt.
) (./3formulas.tex

Package hyperref Warning: Glyph not defined in PD1 encoding,
(hyperref)                removing `\CYRF' on input line 1.


Package hyperref Warning: Glyph not defined in PD1 encoding,
(hyperref)                removing `\cyro' on input line 1.


Package hyperref Warning: Glyph not defined in PD1 encoding,
(hyperref)                removing `\cyrr' on input line 1.


Package hyperref Warning: Glyph not defined in PD1 encoding,
(hyperref)                removing `\cyrm' on input line 1.


Package hyperref Warning: Glyph not defined in PD1 encoding,
(hyperref)                removing `\cyru' on input line 1.


Package hyperref Warning: Glyph not defined in PD1 encoding,
(hyperref)                removing `\cyrl' on input line 1.


Package hyperref Warning: Glyph not defined in PD1 encoding,
(hyperref)                removing `\cyrery' on input line 1.

LaTeX Font Info:    Trying to load font information for PD1+cmr on input line 2
0.
LaTeX Font Info:    No file PD1cmr.fd. on input line 20.

LaTeX Font Warning: Font shape `PD1/cmr/m/up' undefined
(Font)              using `PD1/pdf/m/n' instead on input line 20.

LaTeX Font Info:    Trying to load font information for OML+cmr on input line 2
0.
(d:/texlive/2020/texmf-dist/tex/latex/base/omlcmr.fd
File: omlcmr.fd 2019/12/16 v2.5j Standard LaTeX font definitions
)

LaTeX Font Warning: Font shape `OML/cmr/m/up' undefined
(Font)              using `OML/cmr/m/it' instead on input line 20.

LaTeX Font Info:    Font shape `OML/cmr/m/it' in size <10.95> not available
(Font)              Font shape `OML/cmm/m/it' tried instead on input line 20.
LaTeX Font Info:    Font shape `OML/cmr/m/up' in size <8> not available
(Font)              Font shape `OML/cmm/m/it' tried instead on input line 20.
LaTeX Font Info:    Font shape `OML/cmr/m/up' in size <6> not available
(Font)              Font shape `OML/cmm/m/it' tried instead on input line 20.
LaTeX Font Info:    Trying to load font information for OMS+cmr on input line 2
0.
(d:/texlive/2020/texmf-dist/tex/latex/base/omscmr.fd
File: omscmr.fd 2019/12/16 v2.5j Standard LaTeX font definitions
)

LaTeX Font Warning: Font shape `OMS/cmr/m/up' undefined
(Font)              using `OMS/cmr/m/n' instead on input line 20.

LaTeX Font Info:    Font shape `OMS/cmr/m/n' in size <10.95> not available
(Font)              Font shape `OMS/cmsy/m/n' tried instead on input line 20.
LaTeX Font Info:    Font shape `OMS/cmr/m/up' in size <8> not available
(Font)              Font shape `OMS/cmsy/m/n' tried instead on input line 20.
LaTeX Font Info:    Font shape `OMS/cmr/m/up' in size <6> not available
(Font)              Font shape `OMS/cmsy/m/n' tried instead on input line 20.

Package hyperref Warning: Glyph not defined in PD1 encoding,
(hyperref)                removing `\CYRV' on input line 22.


Package hyperref Warning: Glyph not defined in PD1 encoding,
(hyperref)                removing `\cyrery' on input line 22.


Package hyperref Warning: Glyph not defined in PD1 encoding,
(hyperref)                removing `\cyrv' on input line 22.


Package hyperref Warning: Glyph not defined in PD1 encoding,
(hyperref)                removing `\cyro' on input line 22.


Package hyperref Warning: Glyph not defined in PD1 encoding,
(hyperref)                removing `\cyrd' on input line 22.


Package hyperref Warning: Glyph not defined in PD1 encoding,
(hyperref)                removing `\cyru' on input line 22.


Package hyperref Warning: Glyph not defined in PD1 encoding,
(hyperref)                removing `\cyrr' on input line 22.


Package hyperref Warning: Glyph not defined in PD1 encoding,
(hyperref)                removing `\cyra' on input line 22.


Package hyperref Warning: Glyph not defined in PD1 encoding,
(hyperref)                removing `\cyrv' on input line 22.


Package hyperref Warning: Glyph not defined in PD1 encoding,
(hyperref)                removing `\cyrn' on input line 22.


Package hyperref Warning: Glyph not defined in PD1 encoding,
(hyperref)                removing `\cyre' on input line 22.


Package hyperref Warning: Glyph not defined in PD1 encoding,
(hyperref)                removing `\cyrn' on input line 22.


Package hyperref Warning: Glyph not defined in PD1 encoding,
(hyperref)                removing `\cyri' on input line 22.


Package hyperref Warning: Glyph not defined in PD1 encoding,
(hyperref)                removing `\cyrya' on input line 22.


Package hyperref Warning: Glyph not defined in PD1 encoding,
(hyperref)                removing `\cyrd' on input line 22.


Package hyperref Warning: Glyph not defined in PD1 encoding,
(hyperref)                removing `\cyrv' on input line 22.


Package hyperref Warning: Glyph not defined in PD1 encoding,
(hyperref)                removing `\cyri' on input line 22.


Package hyperref Warning: Glyph not defined in PD1 encoding,
(hyperref)                removing `\cyrzh' on input line 22.


Package hyperref Warning: Glyph not defined in PD1 encoding,
(hyperref)                removing `\cyre' on input line 22.


Package hyperref Warning: Glyph not defined in PD1 encoding,
(hyperref)                removing `\cyrn' on input line 22.


Package hyperref Warning: Glyph not defined in PD1 encoding,
(hyperref)                removing `\cyri' on input line 22.


Package hyperref Warning: Glyph not defined in PD1 encoding,
(hyperref)                removing `\cyrya' on input line 22.


Package hyperref Warning: Glyph not defined in PD1 encoding,
(hyperref)                removing `\cyrm' on input line 22.


Package hyperref Warning: Glyph not defined in PD1 encoding,
(hyperref)                removing `\cyra' on input line 22.


Package hyperref Warning: Glyph not defined in PD1 encoding,
(hyperref)                removing `\cyrya' on input line 22.


Package hyperref Warning: Glyph not defined in PD1 encoding,
(hyperref)                removing `\cyrt' on input line 22.


Package hyperref Warning: Glyph not defined in PD1 encoding,
(hyperref)                removing `\cyrn' on input line 22.


Package hyperref Warning: Glyph not defined in PD1 encoding,
(hyperref)                removing `\cyri' on input line 22.


Package hyperref Warning: Glyph not defined in PD1 encoding,
(hyperref)                removing `\cyrk' on input line 22.


Package hyperref Warning: Glyph not defined in PD1 encoding,
(hyperref)                removing `\cyra' on input line 22.


Underfull \hbox (badness 10000) in paragraph at lines 29--30

 []

[2

 <./picks/scheme_1.png>]
(d:/texlive/2020/texmf-dist/tex/latex/ucs/data/uni-32.def
File: uni-32.def 2013/05/13 UCS: Unicode data U+2000..U+20FF
)
! Illegal unit of measure (pt inserted).
<to be read again> 
                   }
l.35 ...∏–π –∑–∞ –≤—è–∑–∫–æ–µ —Ç—Ä–µ–Ω–∏–µ.\\[0.2]
                                                  
Dimensions can be in units of em, ex, in, pt, pc,
cm, mm, dd, cc, nd, nc, bp, or sp; but yours is a new one!
I'll assume that you meant to say pt, for printer's points.
To recover gracefully from this error, it's best to
delete the erroneous units; e.g., type `2' to delete
two letters. (See Chapter 27 of The TeXbook.)


Underfull \hbox (badness 10000) in paragraph at lines 35--36

 []


Package hyperref Warning: Glyph not defined in PD1 encoding,
(hyperref)                removing `\CYRM' on input line 37.


Package hyperref Warning: Glyph not defined in PD1 encoding,
(hyperref)                removing `\cyre' on input line 37.


Package hyperref Warning: Glyph not defined in PD1 encoding,
(hyperref)                removing `\cyrt' on input line 37.


Package hyperref Warning: Glyph not defined in PD1 encoding,
(hyperref)                removing `\cyro' on input line 37.


Package hyperref Warning: Glyph not defined in PD1 encoding,
(hyperref)                removing `\cyrd' on input line 37.


Package hyperref Warning: Glyph not defined in PD1 encoding,
(hyperref)                removing `\cyri' on input line 37.


Package hyperref Warning: Glyph not defined in PD1 encoding,
(hyperref)                removing `\cyrk' on input line 37.


Package hyperref Warning: Glyph not defined in PD1 encoding,
(hyperref)                removing `\cyra' on input line 37.


Package hyperref Warning: Glyph not defined in PD1 encoding,
(hyperref)                removing `\cyrerev' on input line 37.


Package hyperref Warning: Glyph not defined in PD1 encoding,
(hyperref)                removing `\cyrk' on input line 37.


Package hyperref Warning: Glyph not defined in PD1 encoding,
(hyperref)                removing `\cyrs' on input line 37.


Package hyperref Warning: Glyph not defined in PD1 encoding,
(hyperref)                removing `\cyrp' on input line 37.


Package hyperref Warning: Glyph not defined in PD1 encoding,
(hyperref)                removing `\cyre' on input line 37.


Package hyperref Warning: Glyph not defined in PD1 encoding,
(hyperref)                removing `\cyrr' on input line 37.


Package hyperref Warning: Glyph not defined in PD1 encoding,
(hyperref)                removing `\cyre' on input line 37.


Package hyperref Warning: Glyph not defined in PD1 encoding,
(hyperref)                removing `\cyrm' on input line 37.


Package hyperref Warning: Glyph not defined in PD1 encoding,
(hyperref)                removing `\cyre' on input line 37.


Package hyperref Warning: Glyph not defined in PD1 encoding,
(hyperref)                removing `\cyrn' on input line 37.


Package hyperref Warning: Glyph not defined in PD1 encoding,
(hyperref)                removing `\cyrt' on input line 37.


Package hyperref Warning: Glyph not defined in PD1 encoding,
(hyperref)                removing `\cyra' on input line 37.


! LaTeX Error: There's no line here to end.

See the LaTeX manual or LaTeX Companion for explanation.
Type  H <return>  for immediate help.
 ...                                              
                                                  
l.37 ...æ–¥–∏–∫–∞ —ç–∫—Å–ø–µ—Ä–µ–º–µ–Ω—Ç–∞}\\[0.2]
                                                  
Your command was ignored.
Type  I <command> <return>  to replace it with another command,
or  <return>  to continue without it.

! Illegal unit of measure (pt inserted).
<to be read again> 
                   }
l.39 ...—Å—Ç–µ–º—ã (\mth{m\ruB{–Ω}, I, r}).\\[0.2]
                                                  
Dimensions can be in units of em, ex, in, pt, pc,
cm, mm, dd, cc, nd, nc, bp, or sp; but yours is a new one!
I'll assume that you meant to say pt, for printer's points.
To recover gracefully from this error, it's best to
delete the erroneous units; e.g., type `2' to delete
two letters. (See Chapter 27 of The TeXbook.)


Underfull \hbox (badness 10000) in paragraph at lines 39--40

 []

! Illegal unit of measure (pt inserted).
<to be read again> 
                   }
l.47 ...{i}\left(a_{1}^2 + a_{2}^2 \right)}\\[0.1]
                                                  
Dimensions can be in units of em, ex, in, pt, pc,
cm, mm, dd, cc, nd, nc, bp, or sp; but yours is a new one!
I'll assume that you meant to say pt, for printer's points.
To recover gracefully from this error, it's best to
delete the erroneous units; e.g., type `2' to delete
two letters. (See Chapter 27 of The TeXbook.)


Underfull \hbox (badness 10000) in paragraph at lines 47--48

 []

[3]) (./4experement.tex

Package hyperref Warning: Glyph not defined in PD1 encoding,
(hyperref)                removing `\CYRH' on input line 2.


Package hyperref Warning: Glyph not defined in PD1 encoding,
(hyperref)                removing `\cyro' on input line 2.


Package hyperref Warning: Glyph not defined in PD1 encoding,
(hyperref)                removing `\cyrd' on input line 2.


Package hyperref Warning: Glyph not defined in PD1 encoding,
(hyperref)                removing `\cyrr' on input line 2.


Package hyperref Warning: Glyph not defined in PD1 encoding,
(hyperref)                removing `\cyra' on input line 2.


Package hyperref Warning: Glyph not defined in PD1 encoding,
(hyperref)                removing `\cyrb' on input line 2.


Package hyperref Warning: Glyph not defined in PD1 encoding,
(hyperref)                removing `\cyro' on input line 2.


Package hyperref Warning: Glyph not defined in PD1 encoding,
(hyperref)                removing `\cyrt' on input line 2.


Package hyperref Warning: Glyph not defined in PD1 encoding,
(hyperref)                removing `\cyrery' on input line 2.


Package hyperref Warning: Glyph not defined in PD1 encoding,
(hyperref)                removing `\CYRB' on input line 4.


Package hyperref Warning: Glyph not defined in PD1 encoding,
(hyperref)                removing `\cyra' on input line 4.


Package hyperref Warning: Glyph not defined in PD1 encoding,
(hyperref)                removing `\cyrl' on input line 4.


Package hyperref Warning: Glyph not defined in PD1 encoding,
(hyperref)                removing `\cyra' on input line 4.


Package hyperref Warning: Glyph not defined in PD1 encoding,
(hyperref)                removing `\cyrn' on input line 4.


Package hyperref Warning: Glyph not defined in PD1 encoding,
(hyperref)                removing `\cyrs' on input line 4.


Package hyperref Warning: Glyph not defined in PD1 encoding,
(hyperref)                removing `\cyri' on input line 4.


Package hyperref Warning: Glyph not defined in PD1 encoding,
(hyperref)                removing `\cyrr' on input line 4.


Package hyperref Warning: Glyph not defined in PD1 encoding,
(hyperref)                removing `\cyro' on input line 4.


Package hyperref Warning: Glyph not defined in PD1 encoding,
(hyperref)                removing `\cyrv' on input line 4.


Package hyperref Warning: Glyph not defined in PD1 encoding,
(hyperref)                removing `\cyrk' on input line 4.


Package hyperref Warning: Glyph not defined in PD1 encoding,
(hyperref)                removing `\cyra' on input line 4.

! Illegal unit of measure (pt inserted).
<to be read again> 
                   }
l.5 ...è—è –ø–æ–ª–æ–∂–µ–Ω–∏—è –≥—Ä—É–∑–æ–≤.\\[0.2]
                                                  
Dimensions can be in units of em, ex, in, pt, pc,
cm, mm, dd, cc, nd, nc, bp, or sp; but yours is a new one!
I'll assume that you meant to say pt, for printer's points.
To recover gracefully from this error, it's best to
delete the erroneous units; e.g., type `2' to delete
two letters. (See Chapter 27 of The TeXbook.)


Underfull \hbox (badness 10000) in paragraph at lines 5--6

 []


Underfull \hbox (badness 10000) in paragraph at lines 7--12

 []


Underfull \hbox (badness 10000) in paragraph at lines 13--18

 []


Package hyperref Warning: Glyph not defined in PD1 encoding,
(hyperref)                removing `\CYRI' on input line 20.


Package hyperref Warning: Glyph not defined in PD1 encoding,
(hyperref)                removing `\cyrz' on input line 20.


Package hyperref Warning: Glyph not defined in PD1 encoding,
(hyperref)                removing `\cyrm' on input line 20.


Package hyperref Warning: Glyph not defined in PD1 encoding,
(hyperref)                removing `\cyre' on input line 20.


Package hyperref Warning: Glyph not defined in PD1 encoding,
(hyperref)                removing `\cyrr' on input line 20.


Package hyperref Warning: Glyph not defined in PD1 encoding,
(hyperref)                removing `\cyre' on input line 20.


Package hyperref Warning: Glyph not defined in PD1 encoding,
(hyperref)                removing `\cyrn' on input line 20.


Package hyperref Warning: Glyph not defined in PD1 encoding,
(hyperref)                removing `\cyri' on input line 20.


Package hyperref Warning: Glyph not defined in PD1 encoding,
(hyperref)                removing `\cyre' on input line 20.


Package hyperref Warning: Glyph not defined in PD1 encoding,
(hyperref)                removing `\cyrm' on input line 20.


Package hyperref Warning: Glyph not defined in PD1 encoding,
(hyperref)                removing `\cyro' on input line 20.


Package hyperref Warning: Glyph not defined in PD1 encoding,
(hyperref)                removing `\cyrm' on input line 20.


Package hyperref Warning: Glyph not defined in PD1 encoding,
(hyperref)                removing `\cyre' on input line 20.


Package hyperref Warning: Glyph not defined in PD1 encoding,
(hyperref)                removing `\cyrn' on input line 20.


Package hyperref Warning: Glyph not defined in PD1 encoding,
(hyperref)                removing `\cyrt' on input line 20.


Package hyperref Warning: Glyph not defined in PD1 encoding,
(hyperref)                removing `\cyra' on input line 20.


Package hyperref Warning: Glyph not defined in PD1 encoding,
(hyperref)                removing `\cyrs' on input line 20.


Package hyperref Warning: Glyph not defined in PD1 encoding,
(hyperref)                removing `\cyri' on input line 20.


Package hyperref Warning: Glyph not defined in PD1 encoding,
(hyperref)                removing `\cyrl' on input line 20.


Package hyperref Warning: Glyph not defined in PD1 encoding,
(hyperref)                removing `\cyrery' on input line 20.


Package hyperref Warning: Glyph not defined in PD1 encoding,
(hyperref)                removing `\cyrt' on input line 20.


Package hyperref Warning: Glyph not defined in PD1 encoding,
(hyperref)                removing `\cyrr' on input line 20.


Package hyperref Warning: Glyph not defined in PD1 encoding,
(hyperref)                removing `\cyre' on input line 20.


Package hyperref Warning: Glyph not defined in PD1 encoding,
(hyperref)                removing `\cyrn' on input line 20.


Package hyperref Warning: Glyph not defined in PD1 encoding,
(hyperref)                removing `\cyri' on input line 20.


Package hyperref Warning: Glyph not defined in PD1 encoding,
(hyperref)                removing `\cyrya' on input line 20.


Package hyperref Warning: Glyph not defined in PD1 encoding,
(hyperref)                removing `\cyrp' on input line 20.


Package hyperref Warning: Glyph not defined in PD1 encoding,
(hyperref)                removing `\cyro' on input line 20.


Package hyperref Warning: Glyph not defined in PD1 encoding,
(hyperref)                removing `\cyrk' on input line 20.


Package hyperref Warning: Glyph not defined in PD1 encoding,
(hyperref)                removing `\cyro' on input line 20.


Package hyperref Warning: Glyph not defined in PD1 encoding,
(hyperref)                removing `\cyrya' on input line 20.

! Illegal unit of measure (pt inserted).
<to be read again> 
                   }
l.22 ...∫ –ø—Ä–∏—à–µ–ª –≤ –¥–≤–∏–∂–µ–Ω–∏–µ.\\[0.2]
                                                  
Dimensions can be in units of em, ex, in, pt, pc,
cm, mm, dd, cc, nd, nc, bp, or sp; but yours is a new one!
I'll assume that you meant to say pt, for printer's points.
To recover gracefully from this error, it's best to
delete the erroneous units; e.g., type `2' to delete
two letters. (See Chapter 27 of The TeXbook.)


Underfull \hbox (badness 10000) in paragraph at lines 22--23

 []

! Illegal unit of measure (pt inserted).
<to be read again> 
                   }
l.24 ...—è –ø–æ–∫–æ—è \mth{M_0 = 0,0075 Hm}\\[0.2]
                                                  
Dimensions can be in units of em, ex, in, pt, pc,
cm, mm, dd, cc, nd, nc, bp, or sp; but yours is a new one!
I'll assume that you meant to say pt, for printer's points.
To recover gracefully from this error, it's best to
delete the erroneous units; e.g., type `2' to delete
two letters. (See Chapter 27 of The TeXbook.)


Underfull \hbox (badness 10000) in paragraph at lines 24--25

 []


Package hyperref Warning: Glyph not defined in PD1 encoding,
(hyperref)                removing `\CYRO' on input line 26.


Package hyperref Warning: Glyph not defined in PD1 encoding,
(hyperref)                removing `\cyrz' on input line 26.


Package hyperref Warning: Glyph not defined in PD1 encoding,
(hyperref)                removing `\cyrn' on input line 26.


Package hyperref Warning: Glyph not defined in PD1 encoding,
(hyperref)                removing `\cyra' on input line 26.


Package hyperref Warning: Glyph not defined in PD1 encoding,
(hyperref)                removing `\cyrk' on input line 26.


Package hyperref Warning: Glyph not defined in PD1 encoding,
(hyperref)                removing `\cyro' on input line 26.


Package hyperref Warning: Glyph not defined in PD1 encoding,
(hyperref)                removing `\cyrm' on input line 26.


Package hyperref Warning: Glyph not defined in PD1 encoding,
(hyperref)                removing `\cyrl' on input line 26.


Package hyperref Warning: Glyph not defined in PD1 encoding,
(hyperref)                removing `\cyre' on input line 26.


Package hyperref Warning: Glyph not defined in PD1 encoding,
(hyperref)                removing `\cyrn' on input line 26.


Package hyperref Warning: Glyph not defined in PD1 encoding,
(hyperref)                removing `\cyri' on input line 26.


Package hyperref Warning: Glyph not defined in PD1 encoding,
(hyperref)                removing `\cyre' on input line 26.


Package hyperref Warning: Glyph not defined in PD1 encoding,
(hyperref)                removing `\cyrs' on input line 26.

(d:/texlive/2020/texmf-dist/tex/latex/ucs/data/uni-0.def
File: uni-0.def 2013/05/13 UCS: Unicode data U+0000..U+00FF
)
LaTeX Font Info:    Font shape `OML/cmr/m/up' in size <12> not available
(Font)              Font shape `OML/cmm/m/it' tried instead on input line 31.
LaTeX Font Info:    Font shape `OMS/cmr/m/up' in size <12> not available
(Font)              Font shape `OMS/cmsy/m/n' tried instead on input line 31.


Package hyperref Warning: Token not allowed in a PDF string (PDFDocEncoding):
(hyperref)                removing `math shift' on input line 31.


Package hyperref Warning: Token not allowed in a PDF string (PDFDocEncoding):
(hyperref)                removing `\beta' on input line 31.


Package hyperref Warning: Token not allowed in a PDF string (PDFDocEncoding):
(hyperref)                removing `\beta' on input line 31.


Package hyperref Warning: Token not allowed in a PDF string (PDFDocEncoding):
(hyperref)                removing `subscript' on input line 31.


Package hyperref Warning: Token not allowed in a PDF string (PDFDocEncoding):
(hyperref)                removing `\omega' on input line 31.


Package hyperref Warning: Token not allowed in a PDF string (PDFDocEncoding):
(hyperref)                removing `math shift' on input line 31.


Package hyperref Warning: Glyph not defined in PD1 encoding,
(hyperref)                removing `\CYRN' on input line 31.


Package hyperref Warning: Glyph not defined in PD1 encoding,
(hyperref)                removing `\cyra' on input line 31.


Package hyperref Warning: Glyph not defined in PD1 encoding,
(hyperref)                removing `\cyrh' on input line 31.


Package hyperref Warning: Glyph not defined in PD1 encoding,
(hyperref)                removing `\cyro' on input line 31.


Package hyperref Warning: Glyph not defined in PD1 encoding,
(hyperref)                removing `\cyrzh' on input line 31.


Package hyperref Warning: Glyph not defined in PD1 encoding,
(hyperref)                removing `\cyrd' on input line 31.


Package hyperref Warning: Glyph not defined in PD1 encoding,
(hyperref)                removing `\cyre' on input line 31.


Package hyperref Warning: Glyph not defined in PD1 encoding,
(hyperref)                removing `\cyrn' on input line 31.


Package hyperref Warning: Glyph not defined in PD1 encoding,
(hyperref)                removing `\cyri' on input line 31.


Package hyperref Warning: Glyph not defined in PD1 encoding,
(hyperref)                removing `\cyre' on input line 31.


Package hyperref Warning: Glyph not defined in PD1 encoding,
(hyperref)                removing `\cyrk' on input line 31.


Package hyperref Warning: Glyph not defined in PD1 encoding,
(hyperref)                removing `\cyro' on input line 31.


Package hyperref Warning: Glyph not defined in PD1 encoding,
(hyperref)                removing `\cyrerev' on input line 31.


Package hyperref Warning: Glyph not defined in PD1 encoding,
(hyperref)                removing `\cyrf' on input line 31.


Package hyperref Warning: Glyph not defined in PD1 encoding,
(hyperref)                removing `\cyrf' on input line 31.


Package hyperref Warning: Glyph not defined in PD1 encoding,
(hyperref)                removing `\cyri' on input line 31.


Package hyperref Warning: Glyph not defined in PD1 encoding,
(hyperref)                removing `\cyrc' on input line 31.


Package hyperref Warning: Glyph not defined in PD1 encoding,
(hyperref)                removing `\cyri' on input line 31.


Package hyperref Warning: Glyph not defined in PD1 encoding,
(hyperref)                removing `\cyre' on input line 31.


Package hyperref Warning: Glyph not defined in PD1 encoding,
(hyperref)                removing `\cyrn' on input line 31.


Package hyperref Warning: Glyph not defined in PD1 encoding,
(hyperref)                removing `\cyrt' on input line 31.


Package hyperref Warning: Glyph not defined in PD1 encoding,
(hyperref)                removing `\cyro' on input line 31.


Package hyperref Warning: Glyph not defined in PD1 encoding,
(hyperref)                removing `\cyrv' on input line 31.


Package hyperref Warning: Glyph not defined in PD1 encoding,
(hyperref)                removing `\cyrd' on input line 31.


Package hyperref Warning: Glyph not defined in PD1 encoding,
(hyperref)                removing `\cyrl' on input line 31.


Package hyperref Warning: Glyph not defined in PD1 encoding,
(hyperref)                removing `\cyrya' on input line 31.


Package hyperref Warning: Glyph not defined in PD1 encoding,
(hyperref)                removing `\cyrz' on input line 31.


Package hyperref Warning: Glyph not defined in PD1 encoding,
(hyperref)                removing `\cyra' on input line 31.


Package hyperref Warning: Glyph not defined in PD1 encoding,
(hyperref)                removing `\cyrv' on input line 31.


Package hyperref Warning: Glyph not defined in PD1 encoding,
(hyperref)                removing `\cyri' on input line 31.


Package hyperref Warning: Glyph not defined in PD1 encoding,
(hyperref)                removing `\cyrs' on input line 31.


Package hyperref Warning: Glyph not defined in PD1 encoding,
(hyperref)                removing `\cyri' on input line 31.


Package hyperref Warning: Glyph not defined in PD1 encoding,
(hyperref)                removing `\cyrm' on input line 31.


Package hyperref Warning: Glyph not defined in PD1 encoding,
(hyperref)                removing `\cyro' on input line 31.


Package hyperref Warning: Glyph not defined in PD1 encoding,
(hyperref)                removing `\cyrs' on input line 31.


Package hyperref Warning: Glyph not defined in PD1 encoding,
(hyperref)                removing `\cyrt' on input line 31.


Package hyperref Warning: Glyph not defined in PD1 encoding,
(hyperref)                removing `\cyri' on input line 31.

LaTeX Font Info:    Font shape `OML/cmr/m/up' in size <10.95> not available
(Font)              Font shape `OML/cmm/m/it' tried instead on input line 33.
LaTeX Font Info:    Font shape `OMS/cmr/m/up' in size <10.95> not available
(Font)              Font shape `OMS/cmsy/m/n' tried instead on input line 33.
! Illegal unit of measure (pt inserted).
<to be read again> 
                   }
l.33 ...–≤ –Ω–∏–∂–Ω–µ–µ –ø–æ–ª–æ–∂–µ–Ω–∏–µ.\\[0.2]
                                                  
Dimensions can be in units of em, ex, in, pt, pc,
cm, mm, dd, cc, nd, nc, bp, or sp; but yours is a new one!
I'll assume that you meant to say pt, for printer's points.
To recover gracefully from this error, it's best to
delete the erroneous units; e.g., type `2' to delete
two letters. (See Chapter 27 of The TeXbook.)


Underfull \hbox (badness 10000) in paragraph at lines 33--34

 []

! Missing delimiter (. inserted).
<to be read again> 
                   \sigma 
l.40     {\big\sigma
                    _{\beta_0}} & = &  0,006  &\frac{\text{—Ä–∞–¥}}{\text{—Å...
I was expecting to see something like `(' or `\{' or
`\}' here. If you typed, e.g., `{' instead of `\{', you
should probably delete the `{' by typing `1' now, so that
braces don't get unbalanced. Otherwise just proceed.
Acceptable delimiters are characters whose \delcode is
nonnegative, or you can use `\delimiter <delimiter code>'.

! Missing delimiter (. inserted).
<to be read again> 
                   \sigma 
l.41     {\big\sigma
                    _k} & = &  0,006  &\frac{\text{—Ä–∞–¥}}{\text{—Å}}\\
I was expecting to see something like `(' or `\{' or
`\}' here. If you typed, e.g., `{' instead of `\{', you
should probably delete the `{' by typing `1' now, so that
braces don't get unbalanced. Otherwise just proceed.
Acceptable delimiters are characters whose \delcode is
nonnegative, or you can use `\delimiter <delimiter code>'.

[4]

Package hyperref Warning: Glyph not defined in PD1 encoding,
(hyperref)                removing `\CYRO' on input line 47.


Package hyperref Warning: Glyph not defined in PD1 encoding,
(hyperref)                removing `\cyrc' on input line 47.


Package hyperref Warning: Glyph not defined in PD1 encoding,
(hyperref)                removing `\cyre' on input line 47.


Package hyperref Warning: Glyph not defined in PD1 encoding,
(hyperref)                removing `\cyrn' on input line 47.


Package hyperref Warning: Glyph not defined in PD1 encoding,
(hyperref)                removing `\cyrk' on input line 47.


Package hyperref Warning: Glyph not defined in PD1 encoding,
(hyperref)                removing `\cyra' on input line 47.


Package hyperref Warning: Glyph not defined in PD1 encoding,
(hyperref)                removing `\cyrs' on input line 47.


Package hyperref Warning: Glyph not defined in PD1 encoding,
(hyperref)                removing `\cyrl' on input line 47.


Package hyperref Warning: Glyph not defined in PD1 encoding,
(hyperref)                removing `\cyru' on input line 47.


Package hyperref Warning: Glyph not defined in PD1 encoding,
(hyperref)                removing `\cyrch' on input line 47.


Package hyperref Warning: Glyph not defined in PD1 encoding,
(hyperref)                removing `\cyra' on input line 47.


Package hyperref Warning: Glyph not defined in PD1 encoding,
(hyperref)                removing `\cyrishrt' on input line 47.


Package hyperref Warning: Glyph not defined in PD1 encoding,
(hyperref)                removing `\cyrn' on input line 47.


Package hyperref Warning: Glyph not defined in PD1 encoding,
(hyperref)                removing `\cyro' on input line 47.


Package hyperref Warning: Glyph not defined in PD1 encoding,
(hyperref)                removing `\cyrishrt' on input line 47.


Package hyperref Warning: Glyph not defined in PD1 encoding,
(hyperref)                removing `\cyrp' on input line 47.


Package hyperref Warning: Glyph not defined in PD1 encoding,
(hyperref)                removing `\cyro' on input line 47.


Package hyperref Warning: Glyph not defined in PD1 encoding,
(hyperref)                removing `\cyrg' on input line 47.


Package hyperref Warning: Glyph not defined in PD1 encoding,
(hyperref)                removing `\cyrr' on input line 47.


Package hyperref Warning: Glyph not defined in PD1 encoding,
(hyperref)                removing `\cyre' on input line 47.


Package hyperref Warning: Glyph not defined in PD1 encoding,
(hyperref)                removing `\cyrsh' on input line 47.


Package hyperref Warning: Glyph not defined in PD1 encoding,
(hyperref)                removing `\cyrn' on input line 47.


Package hyperref Warning: Glyph not defined in PD1 encoding,
(hyperref)                removing `\cyro' on input line 47.


Package hyperref Warning: Glyph not defined in PD1 encoding,
(hyperref)                removing `\cyrs' on input line 47.


Package hyperref Warning: Glyph not defined in PD1 encoding,
(hyperref)                removing `\cyrt' on input line 47.


Package hyperref Warning: Glyph not defined in PD1 encoding,
(hyperref)                removing `\cyri' on input line 47.

! Illegal unit of measure (pt inserted).
<to be read again> 
                   }
l.48 ...–∏–≤–µ–¥–µ–Ω—ã –≤ —Ç–∞–±–ª–∏—Ü–µ 1.\\[0.2]
                                                  
Dimensions can be in units of em, ex, in, pt, pc,
cm, mm, dd, cc, nd, nc, bp, or sp; but yours is a new one!
I'll assume that you meant to say pt, for printer's points.
To recover gracefully from this error, it's best to
delete the erroneous units; e.g., type `2' to delete
two letters. (See Chapter 27 of The TeXbook.)


Underfull \hbox (badness 10000) in paragraph at lines 48--49

 []


Package hyperref Warning: Token not allowed in a PDF string (PDFDocEncoding):
(hyperref)                removing `math shift' on input line 67.


Package hyperref Warning: Token not allowed in a PDF string (PDFDocEncoding):
(hyperref)                removing `subscript' on input line 67.


Package hyperref Warning: Token not allowed in a PDF string (PDFDocEncoding):
(hyperref)                removing `math shift' on input line 67.


Package hyperref Warning: Glyph not defined in PD1 encoding,
(hyperref)                removing `\CYRO' on input line 67.


Package hyperref Warning: Glyph not defined in PD1 encoding,
(hyperref)                removing `\cyrp' on input line 67.


Package hyperref Warning: Glyph not defined in PD1 encoding,
(hyperref)                removing `\cyrery' on input line 67.


Package hyperref Warning: Glyph not defined in PD1 encoding,
(hyperref)                removing `\cyrt' on input line 67.


Package hyperref Warning: Glyph not defined in PD1 encoding,
(hyperref)                removing `\cyrery' on input line 67.


Package hyperref Warning: Glyph not defined in PD1 encoding,
(hyperref)                removing `\cyrs' on input line 67.


Package hyperref Warning: Glyph not defined in PD1 encoding,
(hyperref)                removing `\cyrr' on input line 67.


Package hyperref Warning: Glyph not defined in PD1 encoding,
(hyperref)                removing `\cyra' on input line 67.


Package hyperref Warning: Glyph not defined in PD1 encoding,
(hyperref)                removing `\cyrz' on input line 67.


Package hyperref Warning: Glyph not defined in PD1 encoding,
(hyperref)                removing `\cyrn' on input line 67.


Package hyperref Warning: Glyph not defined in PD1 encoding,
(hyperref)                removing `\cyrery' on input line 67.


Package hyperref Warning: Glyph not defined in PD1 encoding,
(hyperref)                removing `\cyrm' on input line 67.


Package hyperref Warning: Glyph not defined in PD1 encoding,
(hyperref)                removing `\cyri' on input line 67.


Package hyperref Warning: Glyph not defined in PD1 encoding,
(hyperref)                removing `\cyrp' on input line 67.


Package hyperref Warning: Glyph not defined in PD1 encoding,
(hyperref)                removing `\cyre' on input line 67.


Package hyperref Warning: Glyph not defined in PD1 encoding,
(hyperref)                removing `\cyrr' on input line 67.


Package hyperref Warning: Glyph not defined in PD1 encoding,
(hyperref)                removing `\cyre' on input line 67.


Package hyperref Warning: Glyph not defined in PD1 encoding,
(hyperref)                removing `\cyrg' on input line 67.


Package hyperref Warning: Glyph not defined in PD1 encoding,
(hyperref)                removing `\cyrr' on input line 67.


Package hyperref Warning: Glyph not defined in PD1 encoding,
(hyperref)                removing `\cyru' on input line 67.


Package hyperref Warning: Glyph not defined in PD1 encoding,
(hyperref)                removing `\cyrz' on input line 67.


Package hyperref Warning: Glyph not defined in PD1 encoding,
(hyperref)                removing `\cyrk' on input line 67.


Package hyperref Warning: Glyph not defined in PD1 encoding,
(hyperref)                removing `\cyra' on input line 67.


Package hyperref Warning: Glyph not defined in PD1 encoding,
(hyperref)                removing `\cyrm' on input line 67.


Package hyperref Warning: Glyph not defined in PD1 encoding,
(hyperref)                removing `\cyri' on input line 67.


Package hyperref Warning: Glyph not defined in PD1 encoding,
(hyperref)                removing `\cyrg' on input line 67.


Overfull \hbox (4.6347pt too wide) in paragraph at lines 69--70
\T2A/cmr/m/n/10.95 œÓ‚ÂÎ ˝ÍÒÔÂÂÏÂÌÚ Ô. 2.4. ‰Îˇ 8 ‡ÁÎË˜Ì˚ı ÁÌ‡˜ÂÌËÈ ÏÓÏÂÌÚ‡ 
ÒËÎ˚ Ì‡ÚˇÊÂÌËˇ ÌËÚË, ËÒÔÓÎ¸ÁÛˇ ÔÂÂ„ÛÁÍË
 []

[5]
! Illegal unit of measure (pt inserted).
<to be read again> 
                   }
l.96 ...Ç–∞ –∏–Ω–µ—Ä—Ü–∏–∏ —Å–∏—Å—Ç–µ–º—ã:\\[0.2]}
                                                  
Dimensions can be in units of em, ex, in, pt, pc,
cm, mm, dd, cc, nd, nc, bp, or sp; but yours is a new one!
I'll assume that you meant to say pt, for printer's points.
To recover gracefully from this error, it's best to
delete the erroneous units; e.g., type `2' to delete
two letters. (See Chapter 27 of The TeXbook.)


Underfull \hbox (badness 10000) in paragraph at lines 96--96

 []


Package hyperref Warning: Token not allowed in a PDF string (PDFDocEncoding):
(hyperref)                removing `\\' on input line 96.


Package hyperref Warning: Glyph not defined in PD1 encoding,
(hyperref)                removing `\CYRI' on input line 96.


Package hyperref Warning: Glyph not defined in PD1 encoding,
(hyperref)                removing `\cyrs' on input line 96.


Package hyperref Warning: Glyph not defined in PD1 encoding,
(hyperref)                removing `\cyrs' on input line 96.


Package hyperref Warning: Glyph not defined in PD1 encoding,
(hyperref)                removing `\cyrl' on input line 96.


Package hyperref Warning: Glyph not defined in PD1 encoding,
(hyperref)                removing `\cyre' on input line 96.


Package hyperref Warning: Glyph not defined in PD1 encoding,
(hyperref)                removing `\cyrd' on input line 96.


Package hyperref Warning: Glyph not defined in PD1 encoding,
(hyperref)                removing `\cyro' on input line 96.


Package hyperref Warning: Glyph not defined in PD1 encoding,
(hyperref)                removing `\cyrv' on input line 96.


Package hyperref Warning: Glyph not defined in PD1 encoding,
(hyperref)                removing `\cyra' on input line 96.


Package hyperref Warning: Glyph not defined in PD1 encoding,
(hyperref)                removing `\cyrn' on input line 96.


Package hyperref Warning: Glyph not defined in PD1 encoding,
(hyperref)                removing `\cyri' on input line 96.


Package hyperref Warning: Glyph not defined in PD1 encoding,
(hyperref)                removing `\cyre' on input line 96.


Package hyperref Warning: Glyph not defined in PD1 encoding,
(hyperref)                removing `\cyrz' on input line 96.


Package hyperref Warning: Glyph not defined in PD1 encoding,
(hyperref)                removing `\cyra' on input line 96.


Package hyperref Warning: Glyph not defined in PD1 encoding,
(hyperref)                removing `\cyrv' on input line 96.


Package hyperref Warning: Glyph not defined in PD1 encoding,
(hyperref)                removing `\cyri' on input line 96.


Package hyperref Warning: Glyph not defined in PD1 encoding,
(hyperref)                removing `\cyrs' on input line 96.


Package hyperref Warning: Glyph not defined in PD1 encoding,
(hyperref)                removing `\cyri' on input line 96.


Package hyperref Warning: Glyph not defined in PD1 encoding,
(hyperref)                removing `\cyrm' on input line 96.


Package hyperref Warning: Glyph not defined in PD1 encoding,
(hyperref)                removing `\cyro' on input line 96.


Package hyperref Warning: Glyph not defined in PD1 encoding,
(hyperref)                removing `\cyrs' on input line 96.


Package hyperref Warning: Glyph not defined in PD1 encoding,
(hyperref)                removing `\cyrt' on input line 96.


Package hyperref Warning: Glyph not defined in PD1 encoding,
(hyperref)                removing `\cyri' on input line 96.


Package hyperref Warning: Glyph not defined in PD1 encoding,
(hyperref)                removing `\cyru' on input line 96.


Package hyperref Warning: Glyph not defined in PD1 encoding,
(hyperref)                removing `\cyrg' on input line 96.


Package hyperref Warning: Glyph not defined in PD1 encoding,
(hyperref)                removing `\cyrl' on input line 96.


Package hyperref Warning: Glyph not defined in PD1 encoding,
(hyperref)                removing `\cyro' on input line 96.


Package hyperref Warning: Glyph not defined in PD1 encoding,
(hyperref)                removing `\cyrv' on input line 96.


Package hyperref Warning: Glyph not defined in PD1 encoding,
(hyperref)                removing `\cyro' on input line 96.


Package hyperref Warning: Glyph not defined in PD1 encoding,
(hyperref)                removing `\cyrg' on input line 96.


Package hyperref Warning: Glyph not defined in PD1 encoding,
(hyperref)                removing `\cyro' on input line 96.


Package hyperref Warning: Glyph not defined in PD1 encoding,
(hyperref)                removing `\cyru' on input line 96.


Package hyperref Warning: Glyph not defined in PD1 encoding,
(hyperref)                removing `\cyrs' on input line 96.


Package hyperref Warning: Glyph not defined in PD1 encoding,
(hyperref)                removing `\cyrk' on input line 96.


Package hyperref Warning: Glyph not defined in PD1 encoding,
(hyperref)                removing `\cyro' on input line 96.


Package hyperref Warning: Glyph not defined in PD1 encoding,
(hyperref)                removing `\cyrr' on input line 96.


Package hyperref Warning: Glyph not defined in PD1 encoding,
(hyperref)                removing `\cyre' on input line 96.


Package hyperref Warning: Glyph not defined in PD1 encoding,
(hyperref)                removing `\cyrn' on input line 96.


Package hyperref Warning: Glyph not defined in PD1 encoding,
(hyperref)                removing `\cyri' on input line 96.


Package hyperref Warning: Glyph not defined in PD1 encoding,
(hyperref)                removing `\cyrya' on input line 96.


Package hyperref Warning: Glyph not defined in PD1 encoding,
(hyperref)                removing `\cyro' on input line 96.


Package hyperref Warning: Glyph not defined in PD1 encoding,
(hyperref)                removing `\cyrt' on input line 96.


Package hyperref Warning: Glyph not defined in PD1 encoding,
(hyperref)                removing `\cyrm' on input line 96.


Package hyperref Warning: Glyph not defined in PD1 encoding,
(hyperref)                removing `\cyro' on input line 96.


Package hyperref Warning: Glyph not defined in PD1 encoding,
(hyperref)                removing `\cyrm' on input line 96.


Package hyperref Warning: Glyph not defined in PD1 encoding,
(hyperref)                removing `\cyre' on input line 96.


Package hyperref Warning: Glyph not defined in PD1 encoding,
(hyperref)                removing `\cyrn' on input line 96.


Package hyperref Warning: Glyph not defined in PD1 encoding,
(hyperref)                removing `\cyrt' on input line 96.


Package hyperref Warning: Glyph not defined in PD1 encoding,
(hyperref)                removing `\cyra' on input line 96.


Package hyperref Warning: Glyph not defined in PD1 encoding,
(hyperref)                removing `\cyri' on input line 96.


Package hyperref Warning: Glyph not defined in PD1 encoding,
(hyperref)                removing `\cyrn' on input line 96.


Package hyperref Warning: Glyph not defined in PD1 encoding,
(hyperref)                removing `\cyre' on input line 96.


Package hyperref Warning: Glyph not defined in PD1 encoding,
(hyperref)                removing `\cyrr' on input line 96.


Package hyperref Warning: Glyph not defined in PD1 encoding,
(hyperref)                removing `\cyrc' on input line 96.


Package hyperref Warning: Glyph not defined in PD1 encoding,
(hyperref)                removing `\cyri' on input line 96.


Package hyperref Warning: Glyph not defined in PD1 encoding,
(hyperref)                removing `\cyri' on input line 96.


Package hyperref Warning: Glyph not defined in PD1 encoding,
(hyperref)                removing `\cyrs' on input line 96.


Package hyperref Warning: Glyph not defined in PD1 encoding,
(hyperref)                removing `\cyri' on input line 96.


Package hyperref Warning: Glyph not defined in PD1 encoding,
(hyperref)                removing `\cyrs' on input line 96.


Package hyperref Warning: Glyph not defined in PD1 encoding,
(hyperref)                removing `\cyrt' on input line 96.


Package hyperref Warning: Glyph not defined in PD1 encoding,
(hyperref)                removing `\cyre' on input line 96.


Package hyperref Warning: Glyph not defined in PD1 encoding,
(hyperref)                removing `\cyrm' on input line 96.


Package hyperref Warning: Glyph not defined in PD1 encoding,
(hyperref)                removing `\cyrery' on input line 96.


Underfull \hbox (badness 10000) in paragraph at lines 98--99

 []


Package hyperref Warning: Token not allowed in a PDF string (PDFDocEncoding):
(hyperref)                removing `math shift' on input line 124.


Package hyperref Warning: Token not allowed in a PDF string (PDFDocEncoding):
(hyperref)                removing `subscript' on input line 124.


Package hyperref Warning: Token not allowed in a PDF string (PDFDocEncoding):
(hyperref)                removing `math shift' on input line 124.


Package hyperref Warning: Glyph not defined in PD1 encoding,
(hyperref)                removing `\CYRI' on input line 124.


Package hyperref Warning: Glyph not defined in PD1 encoding,
(hyperref)                removing `\cyrz' on input line 124.


Package hyperref Warning: Glyph not defined in PD1 encoding,
(hyperref)                removing `\cyrm' on input line 124.


Package hyperref Warning: Glyph not defined in PD1 encoding,
(hyperref)                removing `\cyre' on input line 124.


Package hyperref Warning: Glyph not defined in PD1 encoding,
(hyperref)                removing `\cyrr' on input line 124.


Package hyperref Warning: Glyph not defined in PD1 encoding,
(hyperref)                removing `\cyre' on input line 124.


Package hyperref Warning: Glyph not defined in PD1 encoding,
(hyperref)                removing `\cyrn' on input line 124.


Package hyperref Warning: Glyph not defined in PD1 encoding,
(hyperref)                removing `\cyri' on input line 124.


Package hyperref Warning: Glyph not defined in PD1 encoding,
(hyperref)                removing `\cyre' on input line 124.

! Illegal unit of measure (pt inserted).
<to be read again> 
                   }
l.126 ...–æ–±—ã —Ä–∞—Å—Å—á–∏—Ç–∞—Ç—å $I_0$.\\[0.2]
                                                  
Dimensions can be in units of em, ex, in, pt, pc,
cm, mm, dd, cc, nd, nc, bp, or sp; but yours is a new one!
I'll assume that you meant to say pt, for printer's points.
To recover gracefully from this error, it's best to
delete the erroneous units; e.g., type `2' to delete
two letters. (See Chapter 27 of The TeXbook.)


Underfull \hbox (badness 10000) in paragraph at lines 126--127

 []


Underfull \hbox (badness 10000) in paragraph at lines 128--129

 []

)

Package lastpage Warning: Rerun to get the references right on input line 95.


AED: lastpage setting LastPage
[6]
Package atveryend Info: Empty hook `BeforeClearDocument' on input line 95.
Package atveryend Info: Empty hook `AfterLastShipout' on input line 95.
 (./1main.aux (./2_0title.aux))
Package atveryend Info: Executing hook `AtVeryEndDocument' on input line 95.
Package atveryend Info: Executing hook `AtEndAfterFileList' on input line 95.


Package rerunfilecheck Warning: File `1main.out' has changed.
(rerunfilecheck)                Rerun to get outlines right
(rerunfilecheck)                or use package `bookmark'.

Package rerunfilecheck Info: Checksums for `1main.out':
(rerunfilecheck)             Before: <no file>
(rerunfilecheck)             After:  6FF693714D84106208B07B647BE1D8DD;670.

LaTeX Font Warning: Some font shapes were not available, defaults substituted.


LaTeX Warning: Label(s) may have changed. Rerun to get cross-references right.

Package atveryend Info: Empty hook `AtVeryVeryEnd' on input line 95.
 ) 
Here is how much of TeX's memory you used:
 22298 strings out of 480880
 408365 string characters out of 5911595
 653978 words of memory out of 5000000
 37438 multiletter control sequences out of 15000+600000
 550365 words of font info for 60 fonts, out of 8000000 for 9000
 1141 hyphenation exceptions out of 8191
 60i,17n,65p,977b,711s stack positions out of 5000i,500n,10000p,200000b,80000s
{d:/texlive/2020/texmf-dist/fonts/enc/dvips/cm-super/cm-super-t2a.enc}<d:/tex
live/2020/texmf-dist/fonts/type1/public/amsfonts/cm/cmex10.pfb><d:/texlive/2020
/texmf-dist/fonts/type1/public/amsfonts/cm/cmmi10.pfb><d:/texlive/2020/texmf-di
st/fonts/type1/public/amsfonts/cm/cmmi12.pfb><d:/texlive/2020/texmf-dist/fonts/
type1/public/amsfonts/cm/cmmi8.pfb><d:/texlive/2020/texmf-dist/fonts/type1/publ
ic/amsfonts/cm/cmr10.pfb><d:/texlive/2020/texmf-dist/fonts/type1/public/amsfont
s/cm/cmr12.pfb><d:/texlive/2020/texmf-dist/fonts/type1/public/amsfonts/cm/cmr6.
pfb><d:/texlive/2020/texmf-dist/fonts/type1/public/amsfonts/cm/cmr8.pfb><d:/tex
live/2020/texmf-dist/fonts/type1/public/amsfonts/cm/cmsy10.pfb><d:/texlive/2020
/texmf-dist/fonts/type1/public/cm-super/sfbx0800.pfb><d:/texlive/2020/texmf-dis
t/fonts/type1/public/cm-super/sfbx1095.pfb><d:/texlive/2020/texmf-dist/fonts/ty
pe1/public/cm-super/sfbx1200.pfb><d:/texlive/2020/texmf-dist/fonts/type1/public
/cm-super/sfbx1440.pfb><d:/texlive/2020/texmf-dist/fonts/type1/public/cm-super/
sfbx2074.pfb><d:/texlive/2020/texmf-dist/fonts/type1/public/cm-super/sfrm0800.p
fb><d:/texlive/2020/texmf-dist/fonts/type1/public/cm-super/sfrm1095.pfb><d:/tex
live/2020/texmf-dist/fonts/type1/public/cm-super/sfrm1440.pfb><d:/texlive/2020/
texmf-dist/fonts/type1/public/cm-super/sfti1095.pfb>
Output written on 1main.pdf (6 pages, 308662 bytes).
PDF statistics:
 140 PDF objects out of 1000 (max. 8388607)
 110 compressed objects within 2 object streams
 29 named destinations out of 1000 (max. 500000)
 18 words of extra memory for PDF output out of 10000 (max. 10000000)

