This is pdfTeX, Version 3.14159265-2.6-1.40.18 (TeX Live 2017/Debian) (preloaded format=pdflatex 2021.2.16)  20 MAR 2021 21:31
entering extended mode
 restricted \write18 enabled.
 %&-line parsing enabled.
**Starchenko.tex
(./Starchenko.tex
LaTeX2e <2017-04-15>
Babel <3.18> and hyphenation patterns for 84 language(s) loaded.
\@input{head.aux}
\openout2 = `head.aux'.

(./head.tex (/usr/share/texlive/texmf-dist/tex/latex/base/article.cls
Document Class: article 2014/09/29 v1.4h Standard LaTeX document class
(/usr/share/texlive/texmf-dist/tex/latex/base/size12.clo
File: size12.clo 2014/09/29 v1.4h Standard LaTeX file (size option)
)
\c@part=\count79
\c@section=\count80
\c@subsection=\count81
\c@subsubsection=\count82
\c@paragraph=\count83
\c@subparagraph=\count84
\c@figure=\count85
\c@table=\count86
\abovecaptionskip=\skip41
\belowcaptionskip=\skip42
\bibindent=\dimen102
)
(/usr/share/texlive/texmf-dist/tex/latex/t2/mathtext.sty
Package: mathtext 1999/01/28 v1.0 transparent text-and-math defs
LaTeX Info: Redefining \halign on input line 111.
)
(/usr/share/texlive/texmf-dist/tex/latex/base/fontenc.sty
Package: fontenc 2017/04/05 v2.0i Standard LaTeX package

(/usr/share/texlive/texmf-dist/tex/latex/cyrillic/t2aenc.def
File: t2aenc.def 2005/09/27 v1.0i Cyrillic encoding definition file
\symT2Aletters=\mathgroup4
)
LaTeX Font Info:    Try loading font information for T2A+cmr on input line 105.


(/usr/share/texlive/texmf-dist/tex/latex/cyrillic/t2acmr.fd
File: t2acmr.fd 2001/08/11 v1.0a Computer Modern Cyrillic font definitions
))
(/usr/share/texlive/texmf-dist/tex/latex/base/inputenc.sty
Package: inputenc 2015/03/17 v1.2c Input encoding file
\inpenc@prehook=\toks14
\inpenc@posthook=\toks15

(/usr/share/texlive/texmf-dist/tex/latex/base/utf8.def
File: utf8.def 2017/01/28 v1.1t UTF-8 support for inputenc
Now handling font encoding OML ...
... no UTF-8 mapping file for font encoding OML
Now handling font encoding T1 ...
... processing UTF-8 mapping file for font encoding T1

(/usr/share/texlive/texmf-dist/tex/latex/base/t1enc.dfu
File: t1enc.dfu 2017/01/28 v1.1t UTF-8 support for inputenc
   defining Unicode char U+00A0 (decimal 160)
   defining Unicode char U+00A1 (decimal 161)
   defining Unicode char U+00A3 (decimal 163)
   defining Unicode char U+00AB (decimal 171)
   defining Unicode char U+00AD (decimal 173)
   defining Unicode char U+00BB (decimal 187)
   defining Unicode char U+00BF (decimal 191)
   defining Unicode char U+00C0 (decimal 192)
   defining Unicode char U+00C1 (decimal 193)
   defining Unicode char U+00C2 (decimal 194)
   defining Unicode char U+00C3 (decimal 195)
   defining Unicode char U+00C4 (decimal 196)
   defining Unicode char U+00C5 (decimal 197)
   defining Unicode char U+00C6 (decimal 198)
   defining Unicode char U+00C7 (decimal 199)
   defining Unicode char U+00C8 (decimal 200)
   defining Unicode char U+00C9 (decimal 201)
   defining Unicode char U+00CA (decimal 202)
   defining Unicode char U+00CB (decimal 203)
   defining Unicode char U+00CC (decimal 204)
   defining Unicode char U+00CD (decimal 205)
   defining Unicode char U+00CE (decimal 206)
   defining Unicode char U+00CF (decimal 207)
   defining Unicode char U+00D0 (decimal 208)
   defining Unicode char U+00D1 (decimal 209)
   defining Unicode char U+00D2 (decimal 210)
   defining Unicode char U+00D3 (decimal 211)
   defining Unicode char U+00D4 (decimal 212)
   defining Unicode char U+00D5 (decimal 213)
   defining Unicode char U+00D6 (decimal 214)
   defining Unicode char U+00D8 (decimal 216)
   defining Unicode char U+00D9 (decimal 217)
   defining Unicode char U+00DA (decimal 218)
   defining Unicode char U+00DB (decimal 219)
   defining Unicode char U+00DC (decimal 220)
   defining Unicode char U+00DD (decimal 221)
   defining Unicode char U+00DE (decimal 222)
   defining Unicode char U+00DF (decimal 223)
   defining Unicode char U+00E0 (decimal 224)
   defining Unicode char U+00E1 (decimal 225)
   defining Unicode char U+00E2 (decimal 226)
   defining Unicode char U+00E3 (decimal 227)
   defining Unicode char U+00E4 (decimal 228)
   defining Unicode char U+00E5 (decimal 229)
   defining Unicode char U+00E6 (decimal 230)
   defining Unicode char U+00E7 (decimal 231)
   defining Unicode char U+00E8 (decimal 232)
   defining Unicode char U+00E9 (decimal 233)
   defining Unicode char U+00EA (decimal 234)
   defining Unicode char U+00EB (decimal 235)
   defining Unicode char U+00EC (decimal 236)
   defining Unicode char U+00ED (decimal 237)
   defining Unicode char U+00EE (decimal 238)
   defining Unicode char U+00EF (decimal 239)
   defining Unicode char U+00F0 (decimal 240)
   defining Unicode char U+00F1 (decimal 241)
   defining Unicode char U+00F2 (decimal 242)
   defining Unicode char U+00F3 (decimal 243)
   defining Unicode char U+00F4 (decimal 244)
   defining Unicode char U+00F5 (decimal 245)
   defining Unicode char U+00F6 (decimal 246)
   defining Unicode char U+00F8 (decimal 248)
   defining Unicode char U+00F9 (decimal 249)
   defining Unicode char U+00FA (decimal 250)
   defining Unicode char U+00FB (decimal 251)
   defining Unicode char U+00FC (decimal 252)
   defining Unicode char U+00FD (decimal 253)
   defining Unicode char U+00FE (decimal 254)
   defining Unicode char U+00FF (decimal 255)
   defining Unicode char U+0100 (decimal 256)
   defining Unicode char U+0101 (decimal 257)
   defining Unicode char U+0102 (decimal 258)
   defining Unicode char U+0103 (decimal 259)
   defining Unicode char U+0104 (decimal 260)
   defining Unicode char U+0105 (decimal 261)
   defining Unicode char U+0106 (decimal 262)
   defining Unicode char U+0107 (decimal 263)
   defining Unicode char U+0108 (decimal 264)
   defining Unicode char U+0109 (decimal 265)
   defining Unicode char U+010A (decimal 266)
   defining Unicode char U+010B (decimal 267)
   defining Unicode char U+010C (decimal 268)
   defining Unicode char U+010D (decimal 269)
   defining Unicode char U+010E (decimal 270)
   defining Unicode char U+010F (decimal 271)
   defining Unicode char U+0110 (decimal 272)
   defining Unicode char U+0111 (decimal 273)
   defining Unicode char U+0112 (decimal 274)
   defining Unicode char U+0113 (decimal 275)
   defining Unicode char U+0114 (decimal 276)
   defining Unicode char U+0115 (decimal 277)
   defining Unicode char U+0116 (decimal 278)
   defining Unicode char U+0117 (decimal 279)
   defining Unicode char U+0118 (decimal 280)
   defining Unicode char U+0119 (decimal 281)
   defining Unicode char U+011A (decimal 282)
   defining Unicode char U+011B (decimal 283)
   defining Unicode char U+011C (decimal 284)
   defining Unicode char U+011D (decimal 285)
   defining Unicode char U+011E (decimal 286)
   defining Unicode char U+011F (decimal 287)
   defining Unicode char U+0120 (decimal 288)
   defining Unicode char U+0121 (decimal 289)
   defining Unicode char U+0122 (decimal 290)
   defining Unicode char U+0123 (decimal 291)
   defining Unicode char U+0124 (decimal 292)
   defining Unicode char U+0125 (decimal 293)
   defining Unicode char U+0128 (decimal 296)
   defining Unicode char U+0129 (decimal 297)
   defining Unicode char U+012A (decimal 298)
   defining Unicode char U+012B (decimal 299)
   defining Unicode char U+012C (decimal 300)
   defining Unicode char U+012D (decimal 301)
   defining Unicode char U+012E (decimal 302)
   defining Unicode char U+012F (decimal 303)
   defining Unicode char U+0130 (decimal 304)
   defining Unicode char U+0131 (decimal 305)
   defining Unicode char U+0132 (decimal 306)
   defining Unicode char U+0133 (decimal 307)
   defining Unicode char U+0134 (decimal 308)
   defining Unicode char U+0135 (decimal 309)
   defining Unicode char U+0136 (decimal 310)
   defining Unicode char U+0137 (decimal 311)
   defining Unicode char U+0139 (decimal 313)
   defining Unicode char U+013A (decimal 314)
   defining Unicode char U+013B (decimal 315)
   defining Unicode char U+013C (decimal 316)
   defining Unicode char U+013D (decimal 317)
   defining Unicode char U+013E (decimal 318)
   defining Unicode char U+0141 (decimal 321)
   defining Unicode char U+0142 (decimal 322)
   defining Unicode char U+0143 (decimal 323)
   defining Unicode char U+0144 (decimal 324)
   defining Unicode char U+0145 (decimal 325)
   defining Unicode char U+0146 (decimal 326)
   defining Unicode char U+0147 (decimal 327)
   defining Unicode char U+0148 (decimal 328)
   defining Unicode char U+014A (decimal 330)
   defining Unicode char U+014B (decimal 331)
   defining Unicode char U+014C (decimal 332)
   defining Unicode char U+014D (decimal 333)
   defining Unicode char U+014E (decimal 334)
   defining Unicode char U+014F (decimal 335)
   defining Unicode char U+0150 (decimal 336)
   defining Unicode char U+0151 (decimal 337)
   defining Unicode char U+0152 (decimal 338)
   defining Unicode char U+0153 (decimal 339)
   defining Unicode char U+0154 (decimal 340)
   defining Unicode char U+0155 (decimal 341)
   defining Unicode char U+0156 (decimal 342)
   defining Unicode char U+0157 (decimal 343)
   defining Unicode char U+0158 (decimal 344)
   defining Unicode char U+0159 (decimal 345)
   defining Unicode char U+015A (decimal 346)
   defining Unicode char U+015B (decimal 347)
   defining Unicode char U+015C (decimal 348)
   defining Unicode char U+015D (decimal 349)
   defining Unicode char U+015E (decimal 350)
   defining Unicode char U+015F (decimal 351)
   defining Unicode char U+0160 (decimal 352)
   defining Unicode char U+0161 (decimal 353)
   defining Unicode char U+0162 (decimal 354)
   defining Unicode char U+0163 (decimal 355)
   defining Unicode char U+0164 (decimal 356)
   defining Unicode char U+0165 (decimal 357)
   defining Unicode char U+0168 (decimal 360)
   defining Unicode char U+0169 (decimal 361)
   defining Unicode char U+016A (decimal 362)
   defining Unicode char U+016B (decimal 363)
   defining Unicode char U+016C (decimal 364)
   defining Unicode char U+016D (decimal 365)
   defining Unicode char U+016E (decimal 366)
   defining Unicode char U+016F (decimal 367)
   defining Unicode char U+0170 (decimal 368)
   defining Unicode char U+0171 (decimal 369)
   defining Unicode char U+0172 (decimal 370)
   defining Unicode char U+0173 (decimal 371)
   defining Unicode char U+0174 (decimal 372)
   defining Unicode char U+0175 (decimal 373)
   defining Unicode char U+0176 (decimal 374)
   defining Unicode char U+0177 (decimal 375)
   defining Unicode char U+0178 (decimal 376)
   defining Unicode char U+0179 (decimal 377)
   defining Unicode char U+017A (decimal 378)
   defining Unicode char U+017B (decimal 379)
   defining Unicode char U+017C (decimal 380)
   defining Unicode char U+017D (decimal 381)
   defining Unicode char U+017E (decimal 382)
   defining Unicode char U+01CD (decimal 461)
   defining Unicode char U+01CE (decimal 462)
   defining Unicode char U+01CF (decimal 463)
   defining Unicode char U+01D0 (decimal 464)
   defining Unicode char U+01D1 (decimal 465)
   defining Unicode char U+01D2 (decimal 466)
   defining Unicode char U+01D3 (decimal 467)
   defining Unicode char U+01D4 (decimal 468)
   defining Unicode char U+01E2 (decimal 482)
   defining Unicode char U+01E3 (decimal 483)
   defining Unicode char U+01E6 (decimal 486)
   defining Unicode char U+01E7 (decimal 487)
   defining Unicode char U+01E8 (decimal 488)
   defining Unicode char U+01E9 (decimal 489)
   defining Unicode char U+01EA (decimal 490)
   defining Unicode char U+01EB (decimal 491)
   defining Unicode char U+01F0 (decimal 496)
   defining Unicode char U+01F4 (decimal 500)
   defining Unicode char U+01F5 (decimal 501)
   defining Unicode char U+0218 (decimal 536)
   defining Unicode char U+0219 (decimal 537)
   defining Unicode char U+021A (decimal 538)
   defining Unicode char U+021B (decimal 539)
   defining Unicode char U+0232 (decimal 562)
   defining Unicode char U+0233 (decimal 563)
   defining Unicode char U+1E02 (decimal 7682)
   defining Unicode char U+1E03 (decimal 7683)
   defining Unicode char U+200C (decimal 8204)
   defining Unicode char U+2010 (decimal 8208)
   defining Unicode char U+2011 (decimal 8209)
   defining Unicode char U+2012 (decimal 8210)
   defining Unicode char U+2013 (decimal 8211)
   defining Unicode char U+2014 (decimal 8212)
   defining Unicode char U+2015 (decimal 8213)
   defining Unicode char U+2018 (decimal 8216)
   defining Unicode char U+2019 (decimal 8217)
   defining Unicode char U+201A (decimal 8218)
   defining Unicode char U+201C (decimal 8220)
   defining Unicode char U+201D (decimal 8221)
   defining Unicode char U+201E (decimal 8222)
   defining Unicode char U+2030 (decimal 8240)
   defining Unicode char U+2031 (decimal 8241)
   defining Unicode char U+2039 (decimal 8249)
   defining Unicode char U+203A (decimal 8250)
   defining Unicode char U+2423 (decimal 9251)
   defining Unicode char U+1E20 (decimal 7712)
   defining Unicode char U+1E21 (decimal 7713)
)
Now handling font encoding OT1 ...
... processing UTF-8 mapping file for font encoding OT1

(/usr/share/texlive/texmf-dist/tex/latex/base/ot1enc.dfu
File: ot1enc.dfu 2017/01/28 v1.1t UTF-8 support for inputenc
   defining Unicode char U+00A0 (decimal 160)
   defining Unicode char U+00A1 (decimal 161)
   defining Unicode char U+00A3 (decimal 163)
   defining Unicode char U+00AD (decimal 173)
   defining Unicode char U+00B8 (decimal 184)
   defining Unicode char U+00BF (decimal 191)
   defining Unicode char U+00C5 (decimal 197)
   defining Unicode char U+00C6 (decimal 198)
   defining Unicode char U+00D8 (decimal 216)
   defining Unicode char U+00DF (decimal 223)
   defining Unicode char U+00E6 (decimal 230)
   defining Unicode char U+00EC (decimal 236)
   defining Unicode char U+00ED (decimal 237)
   defining Unicode char U+00EE (decimal 238)
   defining Unicode char U+00EF (decimal 239)
   defining Unicode char U+00F8 (decimal 248)
   defining Unicode char U+0131 (decimal 305)
   defining Unicode char U+0141 (decimal 321)
   defining Unicode char U+0142 (decimal 322)
   defining Unicode char U+0152 (decimal 338)
   defining Unicode char U+0153 (decimal 339)
   defining Unicode char U+0174 (decimal 372)
   defining Unicode char U+0175 (decimal 373)
   defining Unicode char U+0176 (decimal 374)
   defining Unicode char U+0177 (decimal 375)
   defining Unicode char U+0218 (decimal 536)
   defining Unicode char U+0219 (decimal 537)
   defining Unicode char U+021A (decimal 538)
   defining Unicode char U+021B (decimal 539)
   defining Unicode char U+2013 (decimal 8211)
   defining Unicode char U+2014 (decimal 8212)
   defining Unicode char U+2018 (decimal 8216)
   defining Unicode char U+2019 (decimal 8217)
   defining Unicode char U+201C (decimal 8220)
   defining Unicode char U+201D (decimal 8221)
)
Now handling font encoding OMS ...
... processing UTF-8 mapping file for font encoding OMS

(/usr/share/texlive/texmf-dist/tex/latex/base/omsenc.dfu
File: omsenc.dfu 2017/01/28 v1.1t UTF-8 support for inputenc
   defining Unicode char U+00A7 (decimal 167)
   defining Unicode char U+00B6 (decimal 182)
   defining Unicode char U+00B7 (decimal 183)
   defining Unicode char U+2020 (decimal 8224)
   defining Unicode char U+2021 (decimal 8225)
   defining Unicode char U+2022 (decimal 8226)
)
Now handling font encoding OMX ...
... no UTF-8 mapping file for font encoding OMX
Now handling font encoding U ...
... no UTF-8 mapping file for font encoding U
Now handling font encoding T2A ...
... processing UTF-8 mapping file for font encoding T2A

(/usr/share/texlive/texmf-dist/tex/latex/base/t2aenc.dfu
File: t2aenc.dfu 2017/01/28 v1.1t UTF-8 support for inputenc
   defining Unicode char U+00A4 (decimal 164)
   defining Unicode char U+00A7 (decimal 167)
   defining Unicode char U+00AB (decimal 171)
   defining Unicode char U+00BB (decimal 187)
   defining Unicode char U+0131 (decimal 305)
   defining Unicode char U+0400 (decimal 1024)
   defining Unicode char U+0401 (decimal 1025)
   defining Unicode char U+0402 (decimal 1026)
   defining Unicode char U+0403 (decimal 1027)
   defining Unicode char U+0404 (decimal 1028)
   defining Unicode char U+0405 (decimal 1029)
   defining Unicode char U+0406 (decimal 1030)
   defining Unicode char U+0407 (decimal 1031)
   defining Unicode char U+0408 (decimal 1032)
   defining Unicode char U+0409 (decimal 1033)
   defining Unicode char U+040A (decimal 1034)
   defining Unicode char U+040B (decimal 1035)
   defining Unicode char U+040C (decimal 1036)
   defining Unicode char U+040D (decimal 1037)
   defining Unicode char U+040E (decimal 1038)
   defining Unicode char U+040F (decimal 1039)
   defining Unicode char U+0410 (decimal 1040)
   defining Unicode char U+0411 (decimal 1041)
   defining Unicode char U+0412 (decimal 1042)
   defining Unicode char U+0413 (decimal 1043)
   defining Unicode char U+0414 (decimal 1044)
   defining Unicode char U+0415 (decimal 1045)
   defining Unicode char U+0416 (decimal 1046)
   defining Unicode char U+0417 (decimal 1047)
   defining Unicode char U+0418 (decimal 1048)
   defining Unicode char U+0419 (decimal 1049)
   defining Unicode char U+041A (decimal 1050)
   defining Unicode char U+041B (decimal 1051)
   defining Unicode char U+041C (decimal 1052)
   defining Unicode char U+041D (decimal 1053)
   defining Unicode char U+041E (decimal 1054)
   defining Unicode char U+041F (decimal 1055)
   defining Unicode char U+0420 (decimal 1056)
   defining Unicode char U+0421 (decimal 1057)
   defining Unicode char U+0422 (decimal 1058)
   defining Unicode char U+0423 (decimal 1059)
   defining Unicode char U+0424 (decimal 1060)
   defining Unicode char U+0425 (decimal 1061)
   defining Unicode char U+0426 (decimal 1062)
   defining Unicode char U+0427 (decimal 1063)
   defining Unicode char U+0428 (decimal 1064)
   defining Unicode char U+0429 (decimal 1065)
   defining Unicode char U+042A (decimal 1066)
   defining Unicode char U+042B (decimal 1067)
   defining Unicode char U+042C (decimal 1068)
   defining Unicode char U+042D (decimal 1069)
   defining Unicode char U+042E (decimal 1070)
   defining Unicode char U+042F (decimal 1071)
   defining Unicode char U+0430 (decimal 1072)
   defining Unicode char U+0431 (decimal 1073)
   defining Unicode char U+0432 (decimal 1074)
   defining Unicode char U+0433 (decimal 1075)
   defining Unicode char U+0434 (decimal 1076)
   defining Unicode char U+0435 (decimal 1077)
   defining Unicode char U+0436 (decimal 1078)
   defining Unicode char U+0437 (decimal 1079)
   defining Unicode char U+0438 (decimal 1080)
   defining Unicode char U+0439 (decimal 1081)
   defining Unicode char U+043A (decimal 1082)
   defining Unicode char U+043B (decimal 1083)
   defining Unicode char U+043C (decimal 1084)
   defining Unicode char U+043D (decimal 1085)
   defining Unicode char U+043E (decimal 1086)
   defining Unicode char U+043F (decimal 1087)
   defining Unicode char U+0440 (decimal 1088)
   defining Unicode char U+0441 (decimal 1089)
   defining Unicode char U+0442 (decimal 1090)
   defining Unicode char U+0443 (decimal 1091)
   defining Unicode char U+0444 (decimal 1092)
   defining Unicode char U+0445 (decimal 1093)
   defining Unicode char U+0446 (decimal 1094)
   defining Unicode char U+0447 (decimal 1095)
   defining Unicode char U+0448 (decimal 1096)
   defining Unicode char U+0449 (decimal 1097)
   defining Unicode char U+044A (decimal 1098)
   defining Unicode char U+044B (decimal 1099)
   defining Unicode char U+044C (decimal 1100)
   defining Unicode char U+044D (decimal 1101)
   defining Unicode char U+044E (decimal 1102)
   defining Unicode char U+044F (decimal 1103)
   defining Unicode char U+0450 (decimal 1104)
   defining Unicode char U+0451 (decimal 1105)
   defining Unicode char U+0452 (decimal 1106)
   defining Unicode char U+0453 (decimal 1107)
   defining Unicode char U+0454 (decimal 1108)
   defining Unicode char U+0455 (decimal 1109)
   defining Unicode char U+0456 (decimal 1110)
   defining Unicode char U+0457 (decimal 1111)
   defining Unicode char U+0458 (decimal 1112)
   defining Unicode char U+0459 (decimal 1113)
   defining Unicode char U+045A (decimal 1114)
   defining Unicode char U+045B (decimal 1115)
   defining Unicode char U+045C (decimal 1116)
   defining Unicode char U+045D (decimal 1117)
   defining Unicode char U+045E (decimal 1118)
   defining Unicode char U+045F (decimal 1119)
   defining Unicode char U+0490 (decimal 1168)
   defining Unicode char U+0491 (decimal 1169)
   defining Unicode char U+0492 (decimal 1170)
   defining Unicode char U+0493 (decimal 1171)
   defining Unicode char U+0496 (decimal 1174)
   defining Unicode char U+0497 (decimal 1175)
   defining Unicode char U+0498 (decimal 1176)
   defining Unicode char U+0499 (decimal 1177)
   defining Unicode char U+049A (decimal 1178)
   defining Unicode char U+049B (decimal 1179)
   defining Unicode char U+049C (decimal 1180)
   defining Unicode char U+049D (decimal 1181)
   defining Unicode char U+04A0 (decimal 1184)
   defining Unicode char U+04A1 (decimal 1185)
   defining Unicode char U+04A2 (decimal 1186)
   defining Unicode char U+04A3 (decimal 1187)
   defining Unicode char U+04A4 (decimal 1188)
   defining Unicode char U+04A5 (decimal 1189)
   defining Unicode char U+04AA (decimal 1194)
   defining Unicode char U+04AB (decimal 1195)
   defining Unicode char U+04AE (decimal 1198)
   defining Unicode char U+04AF (decimal 1199)
   defining Unicode char U+04B0 (decimal 1200)
   defining Unicode char U+04B1 (decimal 1201)
   defining Unicode char U+04B2 (decimal 1202)
   defining Unicode char U+04B3 (decimal 1203)
   defining Unicode char U+04B6 (decimal 1206)
   defining Unicode char U+04B7 (decimal 1207)
   defining Unicode char U+04B8 (decimal 1208)
   defining Unicode char U+04B9 (decimal 1209)
   defining Unicode char U+04BA (decimal 1210)
   defining Unicode char U+04BB (decimal 1211)
   defining Unicode char U+04C0 (decimal 1216)
   defining Unicode char U+04C1 (decimal 1217)
   defining Unicode char U+04C2 (decimal 1218)
   defining Unicode char U+04D0 (decimal 1232)
   defining Unicode char U+04D1 (decimal 1233)
   defining Unicode char U+04D2 (decimal 1234)
   defining Unicode char U+04D3 (decimal 1235)
   defining Unicode char U+04D4 (decimal 1236)
   defining Unicode char U+04D5 (decimal 1237)
   defining Unicode char U+04D6 (decimal 1238)
   defining Unicode char U+04D7 (decimal 1239)
   defining Unicode char U+04D8 (decimal 1240)
   defining Unicode char U+04D9 (decimal 1241)
   defining Unicode char U+04DA (decimal 1242)
   defining Unicode char U+04DB (decimal 1243)
   defining Unicode char U+04DC (decimal 1244)
   defining Unicode char U+04DD (decimal 1245)
   defining Unicode char U+04DE (decimal 1246)
   defining Unicode char U+04DF (decimal 1247)
   defining Unicode char U+04E2 (decimal 1250)
   defining Unicode char U+04E3 (decimal 1251)
   defining Unicode char U+04E4 (decimal 1252)
   defining Unicode char U+04E5 (decimal 1253)
   defining Unicode char U+04E6 (decimal 1254)
   defining Unicode char U+04E7 (decimal 1255)
   defining Unicode char U+04E8 (decimal 1256)
   defining Unicode char U+04E9 (decimal 1257)
   defining Unicode char U+04EC (decimal 1260)
   defining Unicode char U+04ED (decimal 1261)
   defining Unicode char U+04EE (decimal 1262)
   defining Unicode char U+04EF (decimal 1263)
   defining Unicode char U+04F0 (decimal 1264)
   defining Unicode char U+04F1 (decimal 1265)
   defining Unicode char U+04F2 (decimal 1266)
   defining Unicode char U+04F3 (decimal 1267)
   defining Unicode char U+04F4 (decimal 1268)
   defining Unicode char U+04F5 (decimal 1269)
   defining Unicode char U+04F8 (decimal 1272)
   defining Unicode char U+04F9 (decimal 1273)
   defining Unicode char U+200C (decimal 8204)
   defining Unicode char U+2013 (decimal 8211)
   defining Unicode char U+2014 (decimal 8212)
   defining Unicode char U+2018 (decimal 8216)
   defining Unicode char U+2019 (decimal 8217)
   defining Unicode char U+201C (decimal 8220)
   defining Unicode char U+201D (decimal 8221)
   defining Unicode char U+201E (decimal 8222)
   defining Unicode char U+2030 (decimal 8240)
   defining Unicode char U+2031 (decimal 8241)
   defining Unicode char U+2116 (decimal 8470)
   defining Unicode char U+2329 (decimal 9001)
   defining Unicode char U+232A (decimal 9002)
   defining Unicode char U+2423 (decimal 9251)
)
   defining Unicode char U+00A9 (decimal 169)
   defining Unicode char U+00AA (decimal 170)
   defining Unicode char U+00AE (decimal 174)
   defining Unicode char U+00BA (decimal 186)
   defining Unicode char U+02C6 (decimal 710)
   defining Unicode char U+02DC (decimal 732)
   defining Unicode char U+200C (decimal 8204)
   defining Unicode char U+2026 (decimal 8230)
   defining Unicode char U+2122 (decimal 8482)
   defining Unicode char U+2423 (decimal 9251)
))
(/usr/share/texlive/texmf-dist/tex/generic/babel/babel.sty
Package: babel 2018/02/14 3.18 The Babel package

(/usr/share/texlive/texmf-dist/tex/generic/babel/switch.def
File: switch.def 2018/02/14 3.18 Babel switching mechanism
)
(/usr/share/texlive/texmf-dist/tex/generic/babel-russian/russianb.ldf
Language: russian 2017/08/12 1.3j Russian support for the Babel system

(/usr/share/texlive/texmf-dist/tex/generic/babel/babel.def
File: babel.def 2018/02/14 3.18 Babel common definitions
\babel@savecnt=\count87
\U@D=\dimen103

(/usr/share/texlive/texmf-dist/tex/generic/babel/txtbabel.def)
\bbl@dirlevel=\count88
)
Package babel Info: Making " an active character on input line 120.
Package babel Info: Default for \cyrdash is provided on input line 157.
)
(/usr/share/texlive/texmf-dist/tex/generic/babel-english/english.ldf
Language: english 2017/06/06 v3.3r English support from the babel system
\l@canadian = a dialect from \language\l@american 
\l@australian = a dialect from \language\l@british 
\l@newzealand = a dialect from \language\l@british 
))
(/usr/share/texlive/texmf-dist/tex/latex/graphics/graphicx.sty
Package: graphicx 2017/06/01 v1.1a Enhanced LaTeX Graphics (DPC,SPQR)

(/usr/share/texlive/texmf-dist/tex/latex/graphics/keyval.sty
Package: keyval 2014/10/28 v1.15 key=value parser (DPC)
\KV@toks@=\toks16
)
(/usr/share/texlive/texmf-dist/tex/latex/graphics/graphics.sty
Package: graphics 2017/06/25 v1.2c Standard LaTeX Graphics (DPC,SPQR)

(/usr/share/texlive/texmf-dist/tex/latex/graphics/trig.sty
Package: trig 2016/01/03 v1.10 sin cos tan (DPC)
)
(/usr/share/texlive/texmf-dist/tex/latex/graphics-cfg/graphics.cfg
File: graphics.cfg 2016/06/04 v1.11 sample graphics configuration
)
Package graphics Info: Driver file: pdftex.def on input line 99.

(/usr/share/texlive/texmf-dist/tex/latex/graphics-def/pdftex.def
File: pdftex.def 2018/01/08 v1.0l Graphics/color driver for pdftex
))
\Gin@req@height=\dimen104
\Gin@req@width=\dimen105
)
LaTeX Font Info:    Redeclaring symbol font `T2Aletters' on input line 11.
LaTeX Font Info:    Overwriting symbol font `T2Aletters' in version `normal'
(Font)                  T2A/cmr/m/n --> T2A/cmr/m/it on input line 11.
LaTeX Font Info:    Overwriting symbol font `T2Aletters' in version `bold'
(Font)                  T2A/cmr/m/n --> T2A/cmr/m/it on input line 11.

(/usr/share/texlive/texmf-dist/tex/latex/amsmath/amsmath.sty
Package: amsmath 2017/09/02 v2.17a AMS math features
\@mathmargin=\skip43

For additional information on amsmath, use the `?' option.
(/usr/share/texlive/texmf-dist/tex/latex/amsmath/amstext.sty
Package: amstext 2000/06/29 v2.01 AMS text

(/usr/share/texlive/texmf-dist/tex/latex/amsmath/amsgen.sty
File: amsgen.sty 1999/11/30 v2.0 generic functions
\@emptytoks=\toks17
\ex@=\dimen106
))
(/usr/share/texlive/texmf-dist/tex/latex/amsmath/amsbsy.sty
Package: amsbsy 1999/11/29 v1.2d Bold Symbols
\pmbraise@=\dimen107
)
(/usr/share/texlive/texmf-dist/tex/latex/amsmath/amsopn.sty
Package: amsopn 2016/03/08 v2.02 operator names
)
\inf@bad=\count89
LaTeX Info: Redefining \frac on input line 213.
\uproot@=\count90
\leftroot@=\count91
LaTeX Info: Redefining \overline on input line 375.
\classnum@=\count92
\DOTSCASE@=\count93
LaTeX Info: Redefining \ldots on input line 472.
LaTeX Info: Redefining \dots on input line 475.
LaTeX Info: Redefining \cdots on input line 596.
\Mathstrutbox@=\box26
\strutbox@=\box27
\big@size=\dimen108
LaTeX Font Info:    Redeclaring font encoding OML on input line 712.
LaTeX Font Info:    Redeclaring font encoding OMS on input line 713.
\macc@depth=\count94
\c@MaxMatrixCols=\count95
\dotsspace@=\muskip10
\c@parentequation=\count96
\dspbrk@lvl=\count97
\tag@help=\toks18
\row@=\count98
\column@=\count99
\maxfields@=\count100
\andhelp@=\toks19
\eqnshift@=\dimen109
\alignsep@=\dimen110
\tagshift@=\dimen111
\tagwidth@=\dimen112
\totwidth@=\dimen113
\lineht@=\dimen114
\@envbody=\toks20
\multlinegap=\skip44
\multlinetaggap=\skip45
\mathdisplay@stack=\toks21
LaTeX Info: Redefining \[ on input line 2817.
LaTeX Info: Redefining \] on input line 2818.
)
(/usr/share/texlive/texmf-dist/tex/latex/amsfonts/amsfonts.sty
Package: amsfonts 2013/01/14 v3.01 Basic AMSFonts support
\symAMSa=\mathgroup5
\symAMSb=\mathgroup6
LaTeX Font Info:    Overwriting math alphabet `\mathfrak' in version `bold'
(Font)                  U/euf/m/n --> U/euf/b/n on input line 106.
)
(/usr/share/texlive/texmf-dist/tex/latex/amsfonts/amssymb.sty
Package: amssymb 2013/01/14 v3.01 AMS font symbols
)
(/usr/share/texlive/texmf-dist/tex/latex/amscls/amsthm.sty
Package: amsthm 2017/10/31 v2.20.4
\thm@style=\toks22
\thm@bodyfont=\toks23
\thm@headfont=\toks24
\thm@notefont=\toks25
\thm@headpunct=\toks26
\thm@preskip=\skip46
\thm@postskip=\skip47
\thm@headsep=\skip48
\dth@everypar=\toks27
)
(/usr/share/texlive/texmf-dist/tex/latex/mathtools/mathtools.sty
Package: mathtools 2018/01/08 v1.21 mathematical typesetting tools

(/usr/share/texlive/texmf-dist/tex/latex/tools/calc.sty
Package: calc 2014/10/28 v4.3 Infix arithmetic (KKT,FJ)
\calc@Acount=\count101
\calc@Bcount=\count102
\calc@Adimen=\dimen115
\calc@Bdimen=\dimen116
\calc@Askip=\skip49
\calc@Bskip=\skip50
LaTeX Info: Redefining \setlength on input line 80.
LaTeX Info: Redefining \addtolength on input line 81.
\calc@Ccount=\count103
\calc@Cskip=\skip51
)
(/usr/share/texlive/texmf-dist/tex/latex/mathtools/mhsetup.sty
Package: mhsetup 2017/03/31 v1.3 programming setup (MH)
)
LaTeX Info: Thecontrolsequence`\('isalreadyrobust on input line 129.
LaTeX Info: Thecontrolsequence`\)'isalreadyrobust on input line 129.
LaTeX Info: Thecontrolsequence`\['isalreadyrobust on input line 129.
LaTeX Info: Thecontrolsequence`\]'isalreadyrobust on input line 129.
\g_MT_multlinerow_int=\count104
\l_MT_multwidth_dim=\dimen117
\origjot=\skip52
\l_MT_shortvdotswithinadjustabove_dim=\dimen118
\l_MT_shortvdotswithinadjustbelow_dim=\dimen119
\l_MT_above_intertext_sep=\dimen120
\l_MT_below_intertext_sep=\dimen121
\l_MT_above_shortintertext_sep=\dimen122
\l_MT_below_shortintertext_sep=\dimen123
)
(/usr/share/texlive/texmf-dist/tex/latex/wasysym/wasysym.sty
Package: wasysym 2003/10/30 v2.0 Wasy-2 symbol support package
\symwasy=\mathgroup7
LaTeX Font Info:    Overwriting symbol font `wasy' in version `bold'
(Font)                  U/wasy/m/n --> U/wasy/b/n on input line 90.
))
(/usr/share/texlive/texmf-dist/tex/latex/was/gensymb.sty
Package: gensymb 2003/07/02 v1.0 (WaS)
) (./Starchenko.aux)
\openout1 = `Starchenko.aux'.

LaTeX Font Info:    Checking defaults for OML/cmm/m/it on input line 3.
LaTeX Font Info:    ... okay on input line 3.
LaTeX Font Info:    Checking defaults for T1/cmr/m/n on input line 3.
LaTeX Font Info:    ... okay on input line 3.
LaTeX Font Info:    Checking defaults for OT1/cmr/m/n on input line 3.
LaTeX Font Info:    ... okay on input line 3.
LaTeX Font Info:    Checking defaults for OMS/cmsy/m/n on input line 3.
LaTeX Font Info:    ... okay on input line 3.
LaTeX Font Info:    Checking defaults for OMX/cmex/m/n on input line 3.
LaTeX Font Info:    ... okay on input line 3.
LaTeX Font Info:    Checking defaults for U/cmr/m/n on input line 3.
LaTeX Font Info:    ... okay on input line 3.
LaTeX Font Info:    Checking defaults for T2A/cmr/m/n on input line 3.
LaTeX Font Info:    ... okay on input line 3.

(/usr/share/texlive/texmf-dist/tex/context/base/mkii/supp-pdf.mkii
[Loading MPS to PDF converter (version 2006.09.02).]
\scratchcounter=\count105
\scratchdimen=\dimen124
\scratchbox=\box28
\nofMPsegments=\count106
\nofMParguments=\count107
\everyMPshowfont=\toks28
\MPscratchCnt=\count108
\MPscratchDim=\dimen125
\MPnumerator=\count109
\makeMPintoPDFobject=\count110
\everyMPtoPDFconversion=\toks29
) (/usr/share/texlive/texmf-dist/tex/latex/oberdiek/epstopdf-base.sty
Package: epstopdf-base 2016/05/15 v2.6 Base part for package epstopdf

(/usr/share/texlive/texmf-dist/tex/generic/oberdiek/infwarerr.sty
Package: infwarerr 2016/05/16 v1.4 Providing info/warning/error messages (HO)
)
(/usr/share/texlive/texmf-dist/tex/latex/oberdiek/grfext.sty
Package: grfext 2016/05/16 v1.2 Manage graphics extensions (HO)

(/usr/share/texlive/texmf-dist/tex/generic/oberdiek/kvdefinekeys.sty
Package: kvdefinekeys 2016/05/16 v1.4 Define keys (HO)

(/usr/share/texlive/texmf-dist/tex/generic/oberdiek/ltxcmds.sty
Package: ltxcmds 2016/05/16 v1.23 LaTeX kernel commands for general use (HO)
)))
(/usr/share/texlive/texmf-dist/tex/latex/oberdiek/kvoptions.sty
Package: kvoptions 2016/05/16 v3.12 Key value format for package options (HO)

(/usr/share/texlive/texmf-dist/tex/generic/oberdiek/kvsetkeys.sty
Package: kvsetkeys 2016/05/16 v1.17 Key value parser (HO)

(/usr/share/texlive/texmf-dist/tex/generic/oberdiek/etexcmds.sty
Package: etexcmds 2016/05/16 v1.6 Avoid name clashes with e-TeX commands (HO)

(/usr/share/texlive/texmf-dist/tex/generic/oberdiek/ifluatex.sty
Package: ifluatex 2016/05/16 v1.4 Provides the ifluatex switch (HO)
Package ifluatex Info: LuaTeX not detected.
)
Package etexcmds Info: Could not find \expanded.
(etexcmds)             That can mean that you are not using pdfTeX 1.50 or
(etexcmds)             that some package has redefined \expanded.
(etexcmds)             In the latter case, load this package earlier.
)))
(/usr/share/texlive/texmf-dist/tex/generic/oberdiek/pdftexcmds.sty
Package: pdftexcmds 2018/01/21 v0.26 Utility functions of pdfTeX for LuaTeX (HO
)

(/usr/share/texlive/texmf-dist/tex/generic/oberdiek/ifpdf.sty
Package: ifpdf 2017/03/15 v3.2 Provides the ifpdf switch
)
Package pdftexcmds Info: LuaTeX not detected.
Package pdftexcmds Info: \pdf@primitive is available.
Package pdftexcmds Info: \pdf@ifprimitive is available.
Package pdftexcmds Info: \pdfdraftmode found.
)
Package epstopdf-base Info: Redefining graphics rule for `.eps' on input line 4
38.
Package grfext Info: Graphics extension search list:
(grfext)             [.pdf,.png,.jpg,.eps]
(grfext)             \AppendGraphicsExtensions on input line 456.

(/usr/share/texlive/texmf-dist/tex/latex/latexconfig/epstopdf-sys.cfg
File: epstopdf-sys.cfg 2010/07/13 v1.3 Configuration of (r)epstopdf for TeX Liv
e
))
LaTeX Info: Redefining \celsius on input line 3.
Package gensymb Info: Faking symbols for \degree and \celsius on input line 3.


Package gensymb Warning: Not defining \perthousand.

LaTeX Info: Redefining \ohm on input line 3.
Package gensymb Info: Using \Omega for \ohm on input line 3.

Package gensymb Warning: Not defining \micro.

LaTeX Font Info:    Try loading font information for U+msa on input line 18.
(/usr/share/texlive/texmf-dist/tex/latex/amsfonts/umsa.fd
File: umsa.fd 2013/01/14 v3.01 AMS symbols A
)
LaTeX Font Info:    Try loading font information for U+msb on input line 18.

(/usr/share/texlive/texmf-dist/tex/latex/amsfonts/umsb.fd
File: umsb.fd 2013/01/14 v3.01 AMS symbols B
)
LaTeX Font Info:    Try loading font information for U+wasy on input line 18.

(/usr/share/texlive/texmf-dist/tex/latex/wasysym/uwasy.fd
File: uwasy.fd 2003/10/30 v2.0 Wasy-2 symbol font definitions
)
Overfull \hbox (24.2496pt too wide) in paragraph at lines 16--19
\T2A/cmr/m/n/12 кании через малопроницаемую перегородку при разных начальных зн
ачениях
 []


Overfull \hbox (38.4114pt too wide) in paragraph at lines 20--22
\T2A/cmr/m/n/12 дифференциальная термопара, микровольтметр, балластный баллон, 
манометр. 
 []


Overfull \hbox (2.54993pt too wide) in paragraph at lines 28--29
[]\T2A/cmr/m/n/12 Эффектом Джоуля^^UТомсона называется изменение температуры га
за,
 []


Underfull \hbox (badness 10000) in paragraph at lines 28--29

 []

<images/scheme.png, id=1, 1168.365pt x 635.37375pt>
File: images/scheme.png Graphic file (type png)
<use images/scheme.png>
Package pdftex.def Info: images/scheme.png  used on input line 32.
(pdftex.def)             Requested size: 426.79134pt x 232.09854pt.

Overfull \hbox (36.79134pt too wide) in paragraph at lines 32--34
 [][] 
 []


LaTeX Warning: `!h' float specifier changed to `!ht'.


Overfull \hbox (9.94426pt too wide) in paragraph at lines 37--38
\T2A/cmr/m/n/12 Трубка 1 хорошо теплоизолирована. Газ из области повышенного да
вления
 []


Overfull \hbox (23.35771pt too wide) in paragraph at lines 37--38
\OML/cmm/m/it/12 P[]$ \T2A/cmr/m/n/12 проходит через множество узких и длинных 
каналов пористой перегородки
 []


Underfull \hbox (badness 10000) in paragraph at lines 37--38

 []


Overfull \hbox (12.015pt too wide) in paragraph at lines 39--40
[]\T2A/cmr/m/n/12 Рассмотрим стационарный поток газа между произвольными сечени
ями
 []


Overfull \hbox (1.71182pt too wide) in paragraph at lines 39--40
\T2A/cmr/m/n/12 совершить работу $\OML/cmm/m/it/12 A[] \OT1/cmr/m/n/12 = \OML/c
mm/m/it/12 P[]V[]$\T2A/cmr/m/n/12 . Проходя через сечение II, газ сам совершает

 []

[1



{/var/lib/texmf/fonts/map/pdftex/updmap/pdftex.map}]
Overfull \hbox (5.67888pt too wide) in paragraph at lines 45--46
\T2A/cmr/m/n/12 Подставляя в (1) написанные выражения для $\OML/cmm/m/it/12 A[]
$ \T2A/cmr/m/n/12 и $\OML/cmm/m/it/12 A[]$ \T2A/cmr/m/n/12 и перегрупп ровывая
 []

[2 <./images/scheme.png>]
Underfull \hbox (badness 10000) in paragraph at lines 51--52

 []


Overfull \hbox (20.21873pt too wide) in paragraph at lines 53--54
[]\T2A/cmr/m/n/12 Второе замечание связано с правой частью (2). Процесс Джоуля^
^UТомсона
 []


Package mathtext Warning: letter `CYRD' used in math mode on input line 56.


Package mathtext Warning: letter `CYRT' used in math mode on input line 56.


Overfull \hbox (42.20062pt too wide) in paragraph at lines 59--60
\T2A/cmr/m/n/12 газа зависит от соотношения величин $\OML/cmm/m/it/12 a$ \T2A/c
mr/m/n/12 и $\OML/cmm/m/it/12 b$\T2A/cmr/m/n/12 , которые оказывают противополо
жное
 []


Overfull \hbox (0.97073pt too wide) in paragraph at lines 59--60
\T2A/cmr/m/n/12 влияние на знак эффекта. Если силы взаимодействия между молекул
ами
 []


Underfull \hbox (badness 10000) in paragraph at lines 71--72

 []

[3]
Overfull \hbox (0.32013pt too wide) in paragraph at lines 73--74
[]\T2A/cmr/m/n/12 Этот результат нетрудно понять из энергетических соображений.
 Как
 []


Overfull \hbox (4.1816pt too wide) in paragraph at lines 73--74
\T2A/cmr/m/n/12 приводит к охлаждению или нагреванию реальных газов при расшире
нии.
 []


Overfull \hbox (14.02312pt too wide) in paragraph at lines 73--74
\T2A/cmr/m/n/12 удалении --- при расширении газа --- возрастает. Возрастание по
тенциальной
 []


Overfull \hbox (18.21288pt too wide) in paragraph at lines 73--74
\T2A/cmr/m/n/12 энергии молекул происходит за счет их кинетической энергии --- 
температура
 []


Overfull \hbox (14.34734pt too wide) in paragraph at lines 73--74
\T2A/cmr/m/n/12 газа при расширении падает. Аналогичные рассуждения позволяют п
онять,
 []


Underfull \hbox (badness 10000) in paragraph at lines 73--74

 []


Package mathtext Warning: letter `CYRD' used in math mode on input line 75.


Package mathtext Warning: letter `CYRT' used in math mode on input line 75.


Overfull \hbox (2.91081pt too wide) in paragraph at lines 75--76
[]\T2A/cmr/m/n/12 Как следует из формул (1.35), (1.36), при температуре $\OML/c
mm/m/it/12 T[]$ \T2A/cmr/m/n/12 коэффициент
 []


Package mathtext Warning: letter `cyri' used in math mode on input line 78.


Package mathtext Warning: letter `cyrn' used in math mode on input line 78.


Package mathtext Warning: letter `cyrv' used in math mode on input line 78.


Package mathtext Warning: letter `cyrk' used in math mode on input line 78.


Package mathtext Warning: letter `cyrr' used in math mode on input line 78.


Package mathtext Warning: letter `cyri' used in math mode on input line 82.


Package mathtext Warning: letter `cyrn' used in math mode on input line 82.


Package mathtext Warning: letter `cyrv' used in math mode on input line 82.


Package mathtext Warning: letter `CYRD' used in math mode on input line 82.


Package mathtext Warning: letter `CYRT' used in math mode on input line 82.


Package mathtext Warning: letter `cyri' used in math mode on input line 82.


Package mathtext Warning: letter `cyrn' used in math mode on input line 82.


Package mathtext Warning: letter `cyrv' used in math mode on input line 82.


Package mathtext Warning: letter `CYRD' used in math mode on input line 82.


Package mathtext Warning: letter `CYRT' used in math mode on input line 82.


Overfull \hbox (7.50108pt too wide) in paragraph at lines 82--83
\T2A/cmr/m/n/12 температуры инверсии эффект положителен ($\OML/cmm/m/it/12 ^^V[
] > \OT1/cmr/m/n/12 0$\T2A/cmr/m/n/12 , газ охлаждается),
 []


Underfull \hbox (badness 10000) in paragraph at lines 82--83

 []


Package mathtext Warning: letter `cyri' used in math mode on input line 84.


Package mathtext Warning: letter `cyrn' used in math mode on input line 84.


Package mathtext Warning: letter `cyrv' used in math mode on input line 84.


Package mathtext Warning: letter `cyrk' used in math mode on input line 84.


Package mathtext Warning: letter `cyrr' used in math mode on input line 84.


Package mathtext Warning: letter `cyri' used in math mode on input line 84.


Package mathtext Warning: letter `cyrn' used in math mode on input line 84.


Package mathtext Warning: letter `cyrv' used in math mode on input line 84.


Package mathtext Warning: letter `CYRK' used in math mode on input line 84.


Package mathtext Warning: letter `cyrk' used in math mode on input line 84.


Package mathtext Warning: letter `cyrr' used in math mode on input line 84.


Package mathtext Warning: letter `CYRK' used in math mode on input line 84.


Package mathtext Warning: letter `cyri' used in math mode on input line 84.


Package mathtext Warning: letter `cyrn' used in math mode on input line 84.


Package mathtext Warning: letter `cyrv' used in math mode on input line 84.


Package mathtext Warning: letter `CYRK' used in math mode on input line 84.


Package mathtext Warning: letter `cyrk' used in math mode on input line 84.


Package mathtext Warning: letter `cyrr' used in math mode on input line 84.


Package mathtext Warning: letter `CYRK' used in math mode on input line 84.


Package mathtext Warning: letter `cyri' used in math mode on input line 84.


Package mathtext Warning: letter `cyrn' used in math mode on input line 84.


Package mathtext Warning: letter `cyrv' used in math mode on input line 84.


Package mathtext Warning: letter `CYRK' used in math mode on input line 84.


Package mathtext Warning: letter `cyrk' used in math mode on input line 84.


Package mathtext Warning: letter `cyrr' used in math mode on input line 84.


Package mathtext Warning: letter `CYRK' used in math mode on input line 84.


Package mathtext Warning: letter `cyri' used in math mode on input line 84.


Package mathtext Warning: letter `cyrn' used in math mode on input line 84.


Package mathtext Warning: letter `cyrv' used in math mode on input line 84.


Package mathtext Warning: letter `CYRK' used in math mode on input line 84.


Package mathtext Warning: letter `cyrk' used in math mode on input line 84.


Package mathtext Warning: letter `cyrr' used in math mode on input line 84.


Package mathtext Warning: letter `CYRK' used in math mode on input line 84.


Package mathtext Warning: letter `cyri' used in math mode on input line 84.


Package mathtext Warning: letter `cyrn' used in math mode on input line 84.


Package mathtext Warning: letter `cyrv' used in math mode on input line 84.


Package mathtext Warning: letter `CYRK' used in math mode on input line 84.


Package mathtext Warning: letter `cyrk' used in math mode on input line 84.


Package mathtext Warning: letter `cyrr' used in math mode on input line 84.


Package mathtext Warning: letter `CYRK' used in math mode on input line 84.


Overfull \hbox (23.11166pt too wide) in paragraph at lines 84--85
[]\T2A/cmr/m/n/12 Температура инверсии у всех газов лежит значительно выше крит
ической.
 []


Overfull \hbox (19.24615pt too wide) in paragraph at lines 84--85
\T2A/cmr/m/n/12 температурах эти газы при расширении нагреваются. Температура и
нверсии
 []


Overfull \hbox (12.76347pt too wide) in paragraph at lines 84--85
\T2A/cmr/m/n/12 остальных газов выше комнатной, и при нормальных условиях темпе
ратура
 []


Underfull \hbox (badness 10000) in paragraph at lines 84--85

 []


Package mathtext Warning: letter `cyri' used in math mode on input line 86.


Package mathtext Warning: letter `cyrn' used in math mode on input line 86.


Package mathtext Warning: letter `cyrv' used in math mode on input line 86.


Package mathtext Warning: letter `cyrk' used in math mode on input line 86.


Package mathtext Warning: letter `cyrr' used in math mode on input line 86.


Overfull \hbox (1.29503pt too wide) in paragraph at lines 86--87
\T2A/cmr/m/n/12 газов выполняются не очень хорошо. Правильно передавая качестве
нную
 []


Overfull \hbox (17.98032pt too wide) in paragraph at lines 86--87
\T2A/cmr/m/n/12 картину поведения реальных газов, формула Ван-дер-Ваальса не пр
етендует
 []


Underfull \hbox (badness 10000) in paragraph at lines 86--87

 []

[4]
Overfull \hbox (3.949pt too wide) in paragraph at lines 88--89
\T2A/cmr/m/n/12 от 200 до 1 атм (интегральный эффект Джоуля^^UТомсона), как это
 нередко
 []


Overfull \hbox (10.7078pt too wide) in paragraph at lines 88--89
\T2A/cmr/m/n/12 связь между температурой и давлением находится с помощью специа
льных
 []


Overfull \hbox (27.73024pt too wide) in paragraph at lines 88--89
\T2A/cmr/m/n/12 температура-давление или температура-энтропия. Такие диаграммы 
строятся
 []


Underfull \hbox (badness 10000) in paragraph at lines 88--89

 []


Overfull \hbox (30.94112pt too wide) in paragraph at lines 90--92
[]\T2A/cmr/m/n/12 Вернемся к влиянию правой части уравнения (2) на изменение те
мпературы
 []


Overfull \hbox (45.11829pt too wide) in paragraph at lines 90--92
\T2A/cmr/m/n/12 расширяющегося газа. Для этого сравним изменение температуры, п
роисходящее
 []


Overfull \hbox (43.69339pt too wide) in paragraph at lines 90--92
\T2A/cmr/m/n/12 вследствие эффекта Джоуля^^UТомсона, с изменением температуры, 
возникающим
 []


Overfull \hbox (1.57117pt too wide) in paragraph at lines 90--92
\T2A/cmr/m/n/12 энергии газа вызывает заметное и приблизительно одинаковое пони
жение
 []


Underfull \hbox (badness 10000) in paragraph at lines 90--92

 []


Package mathtext Warning: letter `cyrs' used in math mode on input line 105.


Package mathtext Warning: letter `cyrm' used in math mode on input line 105.


Package mathtext Warning: letter `cyrs' used in math mode on input line 105.


Overfull \hbox (26.867pt too wide) in paragraph at lines 105--106
[]\T2A/cmr/m/n/12 В условиях нашего опыта расход газа $\OML/cmm/m/it/12 Q$ \T2A
/cmr/m/n/12 на выходе из пористой перегородки
 []


Package mathtext Warning: letter `cyrs' used in math mode on input line 108.


Package mathtext Warning: letter `cyrm' used in math mode on input line 108.


Package mathtext Warning: letter `cyrs' used in math mode on input line 108.

[5]

Package mathtext Warning: letter `cyrs' used in math mode on input line 114.


Package mathtext Warning: letter `cyrm' used in math mode on input line 114.


Package mathtext Warning: letter `cyrs' used in math mode on input line 114.


Package mathtext Warning: letter `cyrm' used in math mode on input line 117.


Package mathtext Warning: letter `cyro' used in math mode on input line 117.


Package mathtext Warning: letter `cyrl' used in math mode on input line 117.


Package mathtext Warning: letter `cyrsftsn' used in math mode on input line 117
.


Package mathtext Warning: letter `CYRK' used in math mode on input line 117.


Package mathtext Warning: letter `CYRK' used in math mode on input line 120.


Overfull \hbox (14.46455pt too wide) in paragraph at lines 123--124
[]\T2A/cmr/m/n/12 Это изменение температуры ничтожно мало по сравнению с измеря
емым
 []


Underfull \hbox (badness 10000) in paragraph at lines 123--124

 []


Package mathtext Warning: letter `CYRS' used in math mode on input line 125.


Package mathtext Warning: letter `CYRS' used in math mode on input line 125.


Overfull \hbox (44.31833pt too wide) in paragraph at lines 125--126
[]\T2A/cmr/m/n/12 В данной лабораторной работе исследуется коэффициент дифферен
циального
 []


Overfull \hbox (9.17409pt too wide) in paragraph at lines 125--126
\T2A/cmr/m/n/12 результатам оценивается коэффициент теплового расширения, посто
янные
 []


Overfull \hbox (25.32738pt too wide) in paragraph at lines 125--126
\T2A/cmr/m/n/12 Начальная температура газа $\OML/cmm/m/it/12 T[]$ \T2A/cmr/m/n/
12 задается термостатом. Измерения проводятся
 []


Package mathtext Warning: letter `cyrs' used in math mode on input line 128.


Package mathtext Warning: letter `cyrm' used in math mode on input line 128.


Package mathtext Warning: letter `cyrs' used in math mode on input line 128.


Overfull \hbox (7.99252pt too wide) in paragraph at lines 127--129
[]\T2A/cmr/bx/n/12 Экспериментальная установка. \T2A/cmr/m/n/12 Схема установки
 для исследования
 []


Underfull \hbox (badness 10000) in paragraph at lines 127--129

 []

[6]

Package mathtext Warning: letter `cyrv' used in math mode on input line 130.


Package mathtext Warning: letter `cyrk' used in math mode on input line 130.


Overfull \hbox (0.26585pt too wide) in paragraph at lines 130--131
[]\T2A/cmr/m/n/12 Углекислый газ под повышенным давлением поступает в трубку че
рез
 []


Overfull \hbox (1.21823pt too wide) in paragraph at lines 130--131
\T2A/cmr/m/n/12 термостате. Температура воды измеряется термометром $\OML/cmm/m
/it/12 T[]$\T2A/cmr/m/n/12 , помещенным
 []


Overfull \hbox (31.31969pt too wide) in paragraph at lines 130--131
\T2A/cmr/m/n/12 в термостате. Требуемая температура воды устанавливается и подд
ерживается
 []


Overfull \hbox (4.57448pt too wide) in paragraph at lines 132--133
\T2A/cmr/m/n/12 против часовой стрелки, давление $\OML/cmm/m/it/12 P[]$ \T2A/cm
r/m/n/12 повышается). Манометр М измеряет
 []


Overfull \hbox (6.97704pt too wide) in paragraph at lines 132--133
\T2A/cmr/m/n/12 в область с атмосферным давлением $\OML/cmm/m/it/12 P[]$\T2A/cm
r/m/n/12 , то этот манометр непосредственно
 []


Underfull \hbox (badness 10000) in paragraph at lines 132--133

 []


Overfull \hbox (24.46292pt too wide) in paragraph at lines 134--135
\T2A/cmr/m/n/12 дифференциальной термопарой медь-константан. Константановая про
волока
 []


Underfull \hbox (badness 10000) in paragraph at lines 134--135

 []


Package mathtext Warning: letter `CYRT' used in math mode on input line 139.


Package mathtext Warning: letter `CYRT' used in math mode on input line 139.


Package mathtext Warning: letter `CYRT' used in math mode on input line 139.


Overfull \hbox (39.74931pt too wide) in paragraph at lines 139--140
[]\T2A/cmr/m/n/12 Проведем изменения параметров для трјх различных значений тем
пературы:
 []


Package mathtext Warning: letter `CYRT' used in math mode on input line 145.


Package mathtext Warning: letter `CYRT' used in math mode on input line 145.


Package mathtext Warning: letter `CYRT' used in math mode on input line 145.


Overfull \hbox (74.93156pt too wide) in paragraph at lines 144--172
 [] 
 []

[7]
Overfull \hbox (16.29352pt too wide) in paragraph at lines 174--175
[]\T2A/cmr/m/n/12 Из построенного графика зависимости $\OT1/cmr/m/n/12 ^^A\OML/
cmm/m/it/12 T$ \T2A/cmr/m/n/12 от $\OT1/cmr/m/n/12 ^^A\OML/cmm/m/it/12 P$ \T2A/
cmr/m/n/12 в Mat-lab, приведенного
 []


Overfull \hbox (7.86891pt too wide) in paragraph at lines 174--175
\T2A/cmr/m/n/12 в конце работы, получим коэффициент наклона для каждой из темпе
ратур
 []


Package mathtext Warning: letter `CYRK' used in math mode on input line 175.


Package mathtext Warning: letter `CYRP' used in math mode on input line 175.


Package mathtext Warning: letter `cyra' used in math mode on input line 175.


Package mathtext Warning: letter `CYRK' used in math mode on input line 176.


Package mathtext Warning: letter `CYRP' used in math mode on input line 176.


Package mathtext Warning: letter `cyra' used in math mode on input line 176.


Package mathtext Warning: letter `CYRK' used in math mode on input line 177.


Package mathtext Warning: letter `CYRP' used in math mode on input line 177.


Package mathtext Warning: letter `cyra' used in math mode on input line 177.


Package mathtext Warning: letter `cyrb' used in math mode on input line 179.


Package mathtext Warning: letter `cyra' used in math mode on input line 179.


Package mathtext Warning: letter `cyrr' used in math mode on input line 179.


Overfull \hbox (17.23804pt too wide) in paragraph at lines 179--180
[]\T2A/cmr/m/n/12 Систематическая погрешность будет состоять из погрешности ман
ометра
 []


Package mathtext Warning: letter `CYRK' used in math mode on input line 183.


Package mathtext Warning: letter `CYRP' used in math mode on input line 183.


Package mathtext Warning: letter `cyra' used in math mode on input line 183.


Package mathtext Warning: letter `CYRK' used in math mode on input line 184.


Package mathtext Warning: letter `CYRP' used in math mode on input line 184.


Package mathtext Warning: letter `cyra' used in math mode on input line 184.


Package mathtext Warning: letter `CYRK' used in math mode on input line 185.


Package mathtext Warning: letter `CYRP' used in math mode on input line 185.


Package mathtext Warning: letter `cyra' used in math mode on input line 185.


Package mathtext Warning: letter `CYRK' used in math mode on input line 186.


Package mathtext Warning: letter `CYRP' used in math mode on input line 186.


Package mathtext Warning: letter `cyra' used in math mode on input line 186.


Package mathtext Warning: letter `CYRK' used in math mode on input line 187.


Package mathtext Warning: letter `CYRP' used in math mode on input line 187.


Package mathtext Warning: letter `cyra' used in math mode on input line 187.


Package mathtext Warning: letter `CYRK' used in math mode on input line 188.


Package mathtext Warning: letter `CYRP' used in math mode on input line 188.


Package mathtext Warning: letter `cyra' used in math mode on input line 188.

[8]

Package mathtext Warning: letter `CYRD' used in math mode on input line 196.


Package mathtext Warning: letter `CYRT' used in math mode on input line 196.


Package mathtext Warning: letter `CYRT' used in math mode on input line 196.


Package mathtext Warning: letter `cyri' used in math mode on input line 196.


Package mathtext Warning: letter `cyrn' used in math mode on input line 196.


Package mathtext Warning: letter `cyrv' used in math mode on input line 196.


Package mathtext Warning: letter `CYRP' used in math mode on input line 201.


Package mathtext Warning: letter `cyra' used in math mode on input line 201.


Package mathtext Warning: letter `cyrm' used in math mode on input line 201.


Package mathtext Warning: letter `cyrm' used in math mode on input line 201.


Package mathtext Warning: letter `cyro' used in math mode on input line 201.


Package mathtext Warning: letter `cyrl' used in math mode on input line 201.


Package mathtext Warning: letter `cyrsftsn' used in math mode on input line 201
.


Package mathtext Warning: letter `cyrm' used in math mode on input line 202.


Package mathtext Warning: letter `cyrm' used in math mode on input line 202.


Package mathtext Warning: letter `cyro' used in math mode on input line 202.


Package mathtext Warning: letter `cyrl' used in math mode on input line 202.


Package mathtext Warning: letter `cyrsftsn' used in math mode on input line 202
.


Package mathtext Warning: letter `CYRP' used in math mode on input line 203.


Package mathtext Warning: letter `cyra' used in math mode on input line 203.


Package mathtext Warning: letter `cyrm' used in math mode on input line 203.


Package mathtext Warning: letter `cyrm' used in math mode on input line 203.


Package mathtext Warning: letter `cyro' used in math mode on input line 203.


Package mathtext Warning: letter `cyrl' used in math mode on input line 203.


Package mathtext Warning: letter `cyrsftsn' used in math mode on input line 203
.


Package mathtext Warning: letter `cyrm' used in math mode on input line 204.


Package mathtext Warning: letter `cyrm' used in math mode on input line 204.


Package mathtext Warning: letter `cyro' used in math mode on input line 204.


Package mathtext Warning: letter `cyrl' used in math mode on input line 204.


Package mathtext Warning: letter `cyrsftsn' used in math mode on input line 204
.


Package mathtext Warning: letter `cyri' used in math mode on input line 207.


Package mathtext Warning: letter `cyrn' used in math mode on input line 207.


Package mathtext Warning: letter `cyrv' used in math mode on input line 207.


Package mathtext Warning: letter `CYRK' used in math mode on input line 207.


Package mathtext Warning: letter `cyri' used in math mode on input line 208.


Package mathtext Warning: letter `cyrn' used in math mode on input line 208.


Package mathtext Warning: letter `cyrv' used in math mode on input line 208.


Package mathtext Warning: letter `CYRK' used in math mode on input line 208.

[9]

Package mathtext Warning: letter `cyri' used in math mode on input line 213.


Package mathtext Warning: letter `cyrn' used in math mode on input line 213.


Package mathtext Warning: letter `cyrv' used in math mode on input line 213.


Package mathtext Warning: letter `cyri' used in math mode on input line 214.


Package mathtext Warning: letter `cyrn' used in math mode on input line 214.


Package mathtext Warning: letter `cyrv' used in math mode on input line 214.


Package mathtext Warning: letter `CYRP' used in math mode on input line 217.


Package mathtext Warning: letter `cyra' used in math mode on input line 217.


Package mathtext Warning: letter `cyrm' used in math mode on input line 217.


Package mathtext Warning: letter `cyrm' used in math mode on input line 217.


Package mathtext Warning: letter `cyro' used in math mode on input line 217.


Package mathtext Warning: letter `cyrl' used in math mode on input line 217.


Package mathtext Warning: letter `cyrsftsn' used in math mode on input line 217
.


Package mathtext Warning: letter `cyrm' used in math mode on input line 218.


Package mathtext Warning: letter `cyrm' used in math mode on input line 218.


Package mathtext Warning: letter `cyro' used in math mode on input line 218.


Package mathtext Warning: letter `cyrl' used in math mode on input line 218.


Package mathtext Warning: letter `cyrsftsn' used in math mode on input line 218
.


Package mathtext Warning: letter `CYRP' used in math mode on input line 219.


Package mathtext Warning: letter `cyra' used in math mode on input line 219.


Package mathtext Warning: letter `cyrm' used in math mode on input line 219.


Package mathtext Warning: letter `cyrm' used in math mode on input line 219.


Package mathtext Warning: letter `cyro' used in math mode on input line 219.


Package mathtext Warning: letter `cyrl' used in math mode on input line 219.


Package mathtext Warning: letter `cyrsftsn' used in math mode on input line 219
.


Package mathtext Warning: letter `cyrm' used in math mode on input line 220.


Package mathtext Warning: letter `cyrm' used in math mode on input line 220.


Package mathtext Warning: letter `cyro' used in math mode on input line 220.


Package mathtext Warning: letter `cyrl' used in math mode on input line 220.


Package mathtext Warning: letter `cyrsftsn' used in math mode on input line 220
.


Package mathtext Warning: letter `cyri' used in math mode on input line 221.


Package mathtext Warning: letter `cyrn' used in math mode on input line 221.


Package mathtext Warning: letter `cyrv' used in math mode on input line 221.


Package mathtext Warning: letter `CYRK' used in math mode on input line 221.


Package mathtext Warning: letter `cyri' used in math mode on input line 222.


Package mathtext Warning: letter `cyrn' used in math mode on input line 222.


Package mathtext Warning: letter `cyrv' used in math mode on input line 222.


Package mathtext Warning: letter `CYRK' used in math mode on input line 222.


Package mathtext Warning: letter `CYRP' used in math mode on input line 225.


Package mathtext Warning: letter `cyra' used in math mode on input line 225.


Package mathtext Warning: letter `cyrm' used in math mode on input line 225.


Package mathtext Warning: letter `cyrm' used in math mode on input line 225.


Package mathtext Warning: letter `cyro' used in math mode on input line 225.


Package mathtext Warning: letter `cyrl' used in math mode on input line 225.


Package mathtext Warning: letter `cyrsftsn' used in math mode on input line 225
.


Package mathtext Warning: letter `cyrm' used in math mode on input line 226.


Package mathtext Warning: letter `cyrm' used in math mode on input line 226.


Package mathtext Warning: letter `cyro' used in math mode on input line 226.


Package mathtext Warning: letter `cyrl' used in math mode on input line 226.


Package mathtext Warning: letter `cyrsftsn' used in math mode on input line 226
.


Package mathtext Warning: letter `CYRP' used in math mode on input line 227.


Package mathtext Warning: letter `cyra' used in math mode on input line 227.


Package mathtext Warning: letter `cyrm' used in math mode on input line 227.


Package mathtext Warning: letter `cyrm' used in math mode on input line 227.


Package mathtext Warning: letter `cyro' used in math mode on input line 227.


Package mathtext Warning: letter `cyrl' used in math mode on input line 227.


Package mathtext Warning: letter `cyrsftsn' used in math mode on input line 227
.


Package mathtext Warning: letter `cyrm' used in math mode on input line 228.


Package mathtext Warning: letter `cyrm' used in math mode on input line 228.


Package mathtext Warning: letter `cyro' used in math mode on input line 228.


Package mathtext Warning: letter `cyrl' used in math mode on input line 228.


Package mathtext Warning: letter `cyrsftsn' used in math mode on input line 228
.


Package mathtext Warning: letter `cyri' used in math mode on input line 229.


Package mathtext Warning: letter `cyrn' used in math mode on input line 229.


Package mathtext Warning: letter `cyrv' used in math mode on input line 229.


Package mathtext Warning: letter `CYRK' used in math mode on input line 229.


Package mathtext Warning: letter `cyri' used in math mode on input line 230.


Package mathtext Warning: letter `cyrn' used in math mode on input line 230.


Package mathtext Warning: letter `cyrv' used in math mode on input line 230.


Package mathtext Warning: letter `CYRK' used in math mode on input line 230.

[10]

Package mathtext Warning: letter `cyri' used in math mode on input line 237.


Package mathtext Warning: letter `cyrn' used in math mode on input line 237.


Package mathtext Warning: letter `cyrv' used in math mode on input line 237.


Package mathtext Warning: letter `cyri' used in math mode on input line 238.


Package mathtext Warning: letter `cyrn' used in math mode on input line 238.


Package mathtext Warning: letter `cyrv' used in math mode on input line 238.


Package mathtext Warning: letter `CYRK' used in math mode on input line 245.


Package mathtext Warning: letter `CYRP' used in math mode on input line 245.


Package mathtext Warning: letter `cyra' used in math mode on input line 245.


Package mathtext Warning: letter `CYRK' used in math mode on input line 247.


Package mathtext Warning: letter `CYRP' used in math mode on input line 247.


Package mathtext Warning: letter `cyra' used in math mode on input line 247.


Package mathtext Warning: letter `CYRK' used in math mode on input line 249.


Package mathtext Warning: letter `CYRP' used in math mode on input line 249.


Package mathtext Warning: letter `cyra' used in math mode on input line 249.


Package mathtext Warning: letter `CYRP' used in math mode on input line 253.


Package mathtext Warning: letter `cyra' used in math mode on input line 253.


Package mathtext Warning: letter `cyrm' used in math mode on input line 253.


Package mathtext Warning: letter `cyrm' used in math mode on input line 253.


Package mathtext Warning: letter `cyro' used in math mode on input line 253.


Package mathtext Warning: letter `cyrl' used in math mode on input line 253.


Package mathtext Warning: letter `cyrsftsn' used in math mode on input line 253
.


Package mathtext Warning: letter `cyrm' used in math mode on input line 255.


Package mathtext Warning: letter `cyrm' used in math mode on input line 255.


Package mathtext Warning: letter `cyro' used in math mode on input line 255.


Package mathtext Warning: letter `cyrl' used in math mode on input line 255.


Package mathtext Warning: letter `cyrsftsn' used in math mode on input line 255
.


Underfull \hbox (badness 10000) in paragraph at lines 256--258

 []


Package mathtext Warning: letter `CYRP' used in math mode on input line 258.


Package mathtext Warning: letter `cyra' used in math mode on input line 258.


Package mathtext Warning: letter `cyrm' used in math mode on input line 258.


Package mathtext Warning: letter `cyrm' used in math mode on input line 258.


Package mathtext Warning: letter `cyro' used in math mode on input line 258.


Package mathtext Warning: letter `cyrl' used in math mode on input line 258.


Package mathtext Warning: letter `cyrsftsn' used in math mode on input line 258
.


Package mathtext Warning: letter `cyrm' used in math mode on input line 260.


Package mathtext Warning: letter `cyrm' used in math mode on input line 260.


Package mathtext Warning: letter `cyro' used in math mode on input line 260.


Package mathtext Warning: letter `cyrl' used in math mode on input line 260.


Package mathtext Warning: letter `cyrsftsn' used in math mode on input line 260
.

[11]

Package mathtext Warning: letter `cyri' used in math mode on input line 264.


Package mathtext Warning: letter `cyrn' used in math mode on input line 264.


Package mathtext Warning: letter `cyrv' used in math mode on input line 264.


Package mathtext Warning: letter `CYRK' used in math mode on input line 264.


Package mathtext Warning: letter `cyri' used in math mode on input line 265.


Package mathtext Warning: letter `cyrn' used in math mode on input line 265.


Package mathtext Warning: letter `cyrv' used in math mode on input line 265.


Package mathtext Warning: letter `cyri' used in math mode on input line 266.


Package mathtext Warning: letter `cyrn' used in math mode on input line 266.


Package mathtext Warning: letter `cyrv' used in math mode on input line 266.


Package mathtext Warning: letter `CYRK' used in math mode on input line 266.


Package mathtext Warning: letter `cyri' used in math mode on input line 267.


Package mathtext Warning: letter `cyrn' used in math mode on input line 267.


Package mathtext Warning: letter `cyrv' used in math mode on input line 267.


Package mathtext Warning: letter `cyri' used in math mode on input line 269.


Package mathtext Warning: letter `cyrn' used in math mode on input line 269.


Package mathtext Warning: letter `cyrv' used in math mode on input line 269.

[12]
<graph.png, id=61, 421.575pt x 316.0608pt>
File: graph.png Graphic file (type png)
<use graph.png>
Package pdftex.def Info: graph.png  used on input line 273.
(pdftex.def)             Requested size: 426.79134pt x 319.97604pt.

Overfull \hbox (36.79134pt too wide) in paragraph at lines 273--275
 [][] 
 []

[13 <./graph.png (PNG copy)>] (./Starchenko.aux) ) 
Here is how much of TeX's memory you used:
 4911 strings out of 492982
 62977 string characters out of 6134896
 134738 words of memory out of 5000000
 8355 multiletter control sequences out of 15000+600000
 17203 words of font info for 45 fonts, out of 8000000 for 9000
 1141 hyphenation exceptions out of 8191
 41i,16n,29p,1416b,259s stack positions out of 5000i,500n,10000p,200000b,80000s
{/usr/share/texmf/fonts/enc/d
vips/cm-super/cm-super-t2a.enc}</usr/share/texlive/texmf-dist/fonts/type1/publi
c/amsfonts/cm/cmex10.pfb></usr/share/texlive/texmf-dist/fonts/type1/public/amsf
onts/cm/cmmi12.pfb></usr/share/texlive/texmf-dist/fonts/type1/public/amsfonts/c
m/cmmi6.pfb></usr/share/texlive/texmf-dist/fonts/type1/public/amsfonts/cm/cmmi8
.pfb></usr/share/texlive/texmf-dist/fonts/type1/public/amsfonts/cm/cmr12.pfb></
usr/share/texlive/texmf-dist/fonts/type1/public/amsfonts/cm/cmr6.pfb></usr/shar
e/texlive/texmf-dist/fonts/type1/public/amsfonts/cm/cmr8.pfb></usr/share/texliv
e/texmf-dist/fonts/type1/public/amsfonts/cm/cmsy10.pfb></usr/share/texlive/texm
f-dist/fonts/type1/public/amsfonts/cm/cmsy6.pfb></usr/share/texlive/texmf-dist/
fonts/type1/public/amsfonts/cm/cmsy8.pfb></usr/share/texmf/fonts/type1/public/c
m-super/sfbx1200.pfb></usr/share/texmf/fonts/type1/public/cm-super/sfbx1440.pfb
></usr/share/texmf/fonts/type1/public/cm-super/sfrm1200.pfb></usr/share/texmf/f
onts/type1/public/cm-super/sfrm1440.pfb></usr/share/texmf/fonts/type1/public/cm
-super/sfrm2074.pfb></usr/share/texmf/fonts/type1/public/cm-super/sfti0600.pfb>
</usr/share/texmf/fonts/type1/public/cm-super/sfti0800.pfb></usr/share/texmf/fo
nts/type1/public/cm-super/sfti1200.pfb>
Output written on Starchenko.pdf (13 pages, 324151 bytes).
PDF statistics:
 124 PDF objects out of 1000 (max. 8388607)
 87 compressed objects within 1 object stream
 0 named destinations out of 1000 (max. 500000)
 11 words of extra memory for PDF output out of 10000 (max. 10000000)

